#
# A fatal error has been detected by the Java Runtime Environment:
#
#  EXCEPTION_ACCESS_VIOLATION (0xc0000005) at pc=0x00007ff98b3b5c89, pid=8100, tid=47536
#
# JRE version: OpenJDK Runtime Environment Temurin-17.0.3+7 (17.0.3+7) (build 17.0.3+7)
# Java VM: OpenJDK 64-Bit Server VM Temurin-17.0.3+7 (17.0.3+7, mixed mode, sharing, tiered, compressed oops, compressed class ptrs, g1 gc, windows-amd64)
# Problematic frame:
# C  0x00007ff98b3b5c89
#
# No core dump will be written. Minidumps are not enabled by default on client versions of Windows
#
# If you would like to submit a bug report, please visit:
#   https://github.com/adoptium/adoptium-support/issues
# The crash happened outside the Java Virtual Machine in native code.
# See problematic frame for where to report the bug.
#

---------------  S U M M A R Y ------------

Command Line: -Dsun.java2d.pmoffscreen=false -Dhttps.protocols=TLSv1,TLSv1.1,TLSv1.2 -Dsun.java2d.xrender=false -Dsun.java2d.d3d=false -Dsun.awt.nopixfmt=true -Dsun.java2d.dpiaware=true -Dsun.java2d.uiScale.enabled=false -Dswing.aatext=true -XX:-UsePerfData -Djdk.map.althashing.threshold=512 -XX:StringTableSize=4072 -XX:+UseStringDeduplication -XX:MaxGCPauseMillis=200 -XX:+ParallelRefProcEnabled --add-opens=java.desktop/javax.swing.plaf.synth=ALL-UNNAMED --add-opens=java.base/java.nio=ALL-UNNAMED --add-opens=java.desktop/sun.swing=ALL-UNNAMED --add-opens=java.desktop/javax.swing=ALL-UNNAMED --add-opens=java.desktop/javax.swing.tree=ALL-UNNAMED --add-opens=java.desktop/javax.swing.plaf.basic=ALL-UNNAMED --add-opens=java.desktop/javax.swing.plaf.synth=ALL-UNNAMED --add-opens=java.desktop/javax.swing.plaf.basic=ALL-UNNAMED --add-opens=java.desktop/javax.swing=ALL-UNNAMED --add-opens=java.desktop/javax.swing.tree=ALL-UNNAMED --add-opens=java.desktop/java.awt.event=ALL-UNNAMED --add-exports=java.desktop/javax.swing.plaf.synth=ALL-UNNAMED --add-exports=java.base/java.nio=ALL-UNNAMED --add-exports=java.desktop/sun.swing=ALL-UNNAMED --add-exports=java.desktop/javax.swing=ALL-UNNAMED --add-exports=java.desktop/javax.swing.tree=ALL-UNNAMED --add-exports=java.desktop/javax.swing.plaf.basic=ALL-UNNAMED --add-exports=java.desktop/sun.swing=ALL-UNNAMED --add-exports=java.desktop/sun.swing.table=ALL-UNNAMED --add-exports=java.desktop/sun.swing.plaf.synth=ALL-UNNAMED --add-exports=java.desktop/sun.awt.shell=ALL-UNNAMED --add-exports=java.base/sun.security.action=ALL-UNNAMED --add-exports=java.desktop/sun.font=ALL-UNNAMED -XX:NewSize=80m -XX:MaxNewSize=80m -Xms512m -Xmx4072m -Xss10m 

Host: 12th Gen Intel(R) Core(TM) i5-12500H, 16 cores, 15G,  Windows 11 , 64 bit Build 22621 (10.0.22621.2506)
Time: Thu Dec  7 14:38:23 2023  Windows 11 , 64 bit Build 22621 (10.0.22621.2506) elapsed time: 1590.076512 seconds (0d 0h 26m 30s)

---------------  T H R E A D  ---------------

Current thread (0x000001b8ea45f5c0):  JavaThread "AWT-Windows" daemon [_thread_in_native, id=47536, stack(0x00000078f5900000,0x00000078f6300000)]

Stack: [0x00000078f5900000,0x00000078f6300000],  sp=0x00000078f62fec60,  free space=10235k
Native frames: (J=compiled Java code, j=interpreted, Vv=VM code, C=native code)
C  0x00007ff98b3b5c89

Java frames: (J=compiled Java code, j=interpreted, Vv=VM code)
j  sun.awt.windows.WToolkit.eventLoop()V+0 java.desktop@17.0.3
j  sun.awt.windows.WToolkit.run()V+50 java.desktop@17.0.3
j  java.lang.Thread.run()V+11 java.base@17.0.3
v  ~StubRoutines::call_stub

siginfo: EXCEPTION_ACCESS_VIOLATION (0xc0000005), reading address 0xffffffffffffffff


Register to memory mapping:

RIP=0x00007ff98b3b5c89 points into unknown readable memory: 48 8b 00 ff 50 10 b8
RAX=0xffffffffffffffff is an unknown value
RBX=0x00007ff98b320000 points into unknown readable memory: 0x0000000300905a4d | 4d 5a 90 00 03 00 00 00
RCX=0xffffffffffffffff is an unknown value
RDX=0x00007ff98b40fbf0 points into unknown readable memory: 0x00007ff98b335ea0 | a0 5e 33 8b f9 7f 00 00
RSP=0x00000078f62fec60 is pointing into the stack for thread: 0x000001b8ea45f5c0
RBP=0x00000078f62fed09 is pointing into the stack for thread: 0x000001b8ea45f5c0
RSI=0x0 is NULL
RDI=0x0 is NULL
R8 =0x0 is NULL
R9 =0x0 is NULL
R10=0x00007ff98b42b850 points into unknown readable memory: 0x00007ff98b3cf350 | 50 f3 3c 8b f9 7f 00 00
R11=0x00000078f62fee38 is pointing into the stack for thread: 0x000001b8ea45f5c0
R12=0x0 is NULL
R13=0x0000000000000111 is an unknown value
R14=0x0 is NULL
R15=0x0 is NULL


Registers:
RAX=0xffffffffffffffff, RBX=0x00007ff98b320000, RCX=0xffffffffffffffff, RDX=0x00007ff98b40fbf0
RSP=0x00000078f62fec60, RBP=0x00000078f62fed09, RSI=0x0000000000000000, RDI=0x0000000000000000
R8 =0x0000000000000000, R9 =0x0000000000000000, R10=0x00007ff98b42b850, R11=0x00000078f62fee38
R12=0x0000000000000000, R13=0x0000000000000111, R14=0x0000000000000000, R15=0x0000000000000000
RIP=0x00007ff98b3b5c89, EFLAGS=0x0000000000010286

Top of Stack: (sp=0x00000078f62fec60)
0x00000078f62fec60:   00007ff98b320000 0000000000000000
0x00000078f62fec70:   0000000000009011 0000000000000001
0x00000078f62fec80:   000001b8a1995d60 00007ff98b3b4900
0x00000078f62fec90:   000001b8a1995d60 000000000000a220
0x00000078f62feca0:   0000000000000000 0000000000000001
0x00000078f62fecb0:   0000000100000000 00007ffa00009011
0x00000078f62fecc0:   0000e4d2f74de97a 0000000000000000
0x00000078f62fecd0:   0000000000000000 0000000000000000
0x00000078f62fece0:   0000000000000000 0000000000000000
0x00000078f62fecf0:   00000000000c0000 000001b8ea45f868
0x00000078f62fed00:   000001b8a1995e00 0000000000000000
0x00000078f62fed10:   0000000000000000 0000ab607a933475
0x00000078f62fed20:   0000000000000000 0000000000000000
0x00000078f62fed30:   000000000000a220 0000000000000000
0x00000078f62fed40:   0000000000000000 000000000000a220
0x00000078f62fed50:   0000000000000000 000001b8a1995d60 

Instructions: (pc=0x00007ff98b3b5c89)
0x00007ff98b3b5b89:   b7 c4 41 0f b7 cf 48 c1 e1 10 48 0b c8 44 89 74
0x00007ff98b3b5b99:   24 58 48 89 4c 24 68 ff 15 ea df 0a 00 0f b7 bc
0x00007ff98b3b5ba9:   24 d0 00 00 00 33 d2 33 c9 89 44 24 70 4c 89 6c
0x00007ff98b3b5bb9:   24 74 e8 7b 4e 05 00 48 8b 0d 91 f3 0a 00 48 8b
0x00007ff98b3b5bc9:   e8 48 8b 15 8f f3 0a 00 48 85 c9 48 0f 45 d1 48
0x00007ff98b3b5bd9:   3b 56 48 75 0f 48 8d 44 24 50 48 8b ce 48 89 44
0x00007ff98b3b5be9:   24 40 eb 21 48 85 d2 74 3e 48 8b ca e8 26 ac ff
0x00007ff98b3b5bf9:   ff 48 8d 4c 24 50 48 85 c0 48 89 4c 24 40 48 0f
0x00007ff98b3b5c09:   44 c6 48 8b c8 4c 89 6c 24 38 45 33 c9 44 89 6c
0x00007ff98b3b5c19:   24 30 4c 8b c5 89 5c 24 28 ba 90 01 00 00 89 7c
0x00007ff98b3b5c29:   24 20 e8 60 ce ff ff 48 8b 9c 24 b0 00 00 00 b8
0x00007ff98b3b5c39:   02 00 00 00 4c 8d 9c 24 80 00 00 00 49 8b 6b 40
0x00007ff98b3b5c49:   49 8b 73 48 49 8b e3 41 5f 41 5e 41 5d 41 5c 5f
0x00007ff98b3b5c59:   c3 cc cc cc cc cc cc 48 89 74 24 10 57 48 83 ec
0x00007ff98b3b5c69:   20 41 8b f1 49 8b f8 4d 85 c0 75 2a 48 8d 0d a4
0x00007ff98b3b5c79:   11 0b 00 e8 cf ea 03 00 48 8b c8 48 85 c0 74 06
0x00007ff98b3b5c89:   48 8b 00 ff 50 10 b8 02 00 00 00 48 8b 74 24 38
0x00007ff98b3b5c99:   48 83 c4 20 5f c3 48 3b 3d 9a 11 0b 00 74 68 48
0x00007ff98b3b5ca9:   8b cf ff 15 d7 e0 0a 00 85 c0 74 5b 48 89 5c 24
0x00007ff98b3b5cb9:   30 33 d2 8b 1d 7a 11 0b 00 48 8b cf ff 15 c5 dd
0x00007ff98b3b5cc9:   0a 00 3b d8 48 8b 5c 24 30 75 3c 8b 15 ce f2 0a
0x00007ff98b3b5cd9:   00 45 33 c9 45 33 c0 48 8b cf ff 15 a7 e0 0a 00
0x00007ff98b3b5ce9:   48 85 c0 74 22 ba eb ff ff ff 48 8b cf ff 15 0c
0x00007ff98b3b5cf9:   df 0a 00 48 85 c0 74 0f 4c 8b 00 8b d6 48 8b c8
0x00007ff98b3b5d09:   41 ff 90 a8 02 00 00 48 8b 74 24 38 b8 01 00 00
0x00007ff98b3b5d19:   00 48 83 c4 20 5f c3 48 89 5c 24 08 48 89 6c 24
0x00007ff98b3b5d29:   10 48 89 74 24 18 57 48 83 ec 20 48 8b d9 49 8b
0x00007ff98b3b5d39:   f1 49 8b 48 08 49 8b f8 8b ea e8 d8 aa ff ff 48
0x00007ff98b3b5d49:   3b c3 74 1c 48 85 c0 74 17 4c 8b 10 4c 8b ce 4c
0x00007ff98b3b5d59:   8b c7 8b d5 48 8b c8 41 ff 92 b0 02 00 00 eb 05
0x00007ff98b3b5d69:   b8 02 00 00 00 48 8b 5c 24 30 48 8b 6c 24 38 48
0x00007ff98b3b5d79:   8b 74 24 40 48 83 c4 20 5f c3 cc cc cc cc cc cc 


Stack slot to memory mapping:
stack at sp + 0 slots: 0x00007ff98b320000 points into unknown readable memory: 0x0000000300905a4d | 4d 5a 90 00 03 00 00 00
stack at sp + 1 slots: 0x0 is NULL
stack at sp + 2 slots: 0x0000000000009011 is an unknown value
stack at sp + 3 slots: 0x0000000000000001 is an unknown value
stack at sp + 4 slots: 0x000001b8a1995d60 points into unknown readable memory: 0x00007ff98b42b850 | 50 b8 42 8b f9 7f 00 00
stack at sp + 5 slots: 0x00007ff98b3b4900 points into unknown readable memory: 0xfd814100000745e9 | e9 45 07 00 00 41 81 fd
stack at sp + 6 slots: 0x000001b8a1995d60 points into unknown readable memory: 0x00007ff98b42b850 | 50 b8 42 8b f9 7f 00 00
stack at sp + 7 slots: 0x000000000000a220 is an unknown value


---------------  P R O C E S S  ---------------

Threads class SMR info:
_java_thread_list=0x000001b919ee79a0, length=58, elements={
0x000001b8c539b770, 0x000001b8c5d12190, 0x000001b8c5d12a50, 0x000001b8c5d206a0,
0x000001b8c5d20f60, 0x000001b8c5d21820, 0x000001b8c5d23140, 0x000001b8c5d2b390,
0x000001b8c5d32e90, 0x000001b8c5d57470, 0x000001b8e9985150, 0x000001b8e9996e30,
0x000001b8ea45cfe0, 0x000001b8ea45dcc0, 0x000001b8ea45f5c0, 0x000001b8ed2ec7c0,
0x000001b8edd00590, 0x000001b8edd02c10, 0x000001b8edd018d0, 0x000001b8edd00a60,
0x000001b8edd02270, 0x000001b8ed459430, 0x000001b8ed459dd0, 0x000001b8b7441f00,
0x000001b8b74453f0, 0x000001b8b9b5fdd0, 0x000001b8b9b60770, 0x000001b9043dac50,
0x000001b9136f7d60, 0x000001b9136f6550, 0x000001b9136fa3e0, 0x000001b9136f6a20,
0x000001b9136f8230, 0x000001b9136f6080, 0x000001b9136fe270, 0x000001b9136fe740,
0x000001b8b6f0bf70, 0x000001b8b6f11ae0, 0x000001b8b6f132f0, 0x000001b8b6f17180,
0x000001b8b6f17650, 0x000001b8b6f1a1a0, 0x000001b8b6f18990, 0x000001b8b6f1a670,
0x000001b8b6f19330, 0x000001b923294f20, 0x000001b923293710, 0x000001b923296730,
0x000001b9232958c0, 0x000001b923290bc0, 0x000001b9232970d0, 0x000001b923291560,
0x000001b92328f880, 0x000001b923295d90, 0x000001b9232940b0, 0x000001b9232975a0,
0x000001b92329bdd0, 0x000001b92327c480
}

Java Threads: ( => current thread )
  0x000001b8c539b770 JavaThread "main" [_thread_blocked, id=44448, stack(0x00000078edb00000,0x00000078edc00000)]
  0x000001b8c5d12190 JavaThread "Reference Handler" daemon [_thread_blocked, id=38136, stack(0x00000078ee300000,0x00000078eed00000)]
  0x000001b8c5d12a50 JavaThread "Finalizer" daemon [_thread_blocked, id=49844, stack(0x00000078eed00000,0x00000078ef700000)]
  0x000001b8c5d206a0 JavaThread "Signal Dispatcher" daemon [_thread_blocked, id=46660, stack(0x00000078ef700000,0x00000078f0100000)]
  0x000001b8c5d20f60 JavaThread "Attach Listener" daemon [_thread_blocked, id=33760, stack(0x00000078f0100000,0x00000078f0b00000)]
  0x000001b8c5d21820 JavaThread "Service Thread" daemon [_thread_blocked, id=37836, stack(0x00000078f0b00000,0x00000078f1500000)]
  0x000001b8c5d23140 JavaThread "Monitor Deflation Thread" daemon [_thread_blocked, id=10372, stack(0x00000078f1500000,0x00000078f1f00000)]
  0x000001b8c5d2b390 JavaThread "C2 CompilerThread0" daemon [_thread_blocked, id=45952, stack(0x00000078f1f00000,0x00000078f2000000)]
  0x000001b8c5d32e90 JavaThread "C1 CompilerThread0" daemon [_thread_blocked, id=45340, stack(0x00000078f2000000,0x00000078f2100000)]
  0x000001b8c5d57470 JavaThread "Sweeper thread" daemon [_thread_blocked, id=49604, stack(0x00000078f2100000,0x00000078f2b00000)]
  0x000001b8e9985150 JavaThread "Common-Cleaner" daemon [_thread_blocked, id=46072, stack(0x00000078f2e00000,0x00000078f3800000)]
  0x000001b8e9996e30 JavaThread "Notification Thread" daemon [_thread_blocked, id=5248, stack(0x00000078f3800000,0x00000078f4200000)]
  0x000001b8ea45cfe0 JavaThread "Java2D Disposer" daemon [_thread_blocked, id=45644, stack(0x00000078f4500000,0x00000078f4f00000)]
  0x000001b8ea45dcc0 JavaThread "AWT-Shutdown" [_thread_blocked, id=35096, stack(0x00000078f4f00000,0x00000078f5900000)]
=>0x000001b8ea45f5c0 JavaThread "AWT-Windows" daemon [_thread_in_native, id=47536, stack(0x00000078f5900000,0x00000078f6300000)]
  0x000001b8ed2ec7c0 JavaThread "TimerQueue" daemon [_thread_blocked, id=48864, stack(0x00000078f6700000,0x00000078f7100000)]
  0x000001b8edd00590 JavaThread "AWT-EventQueue-0" [_thread_blocked, id=35608, stack(0x00000078f8800000,0x00000078f9200000)]
  0x000001b8edd02c10 JavaThread "Thread-1" [_thread_in_native, id=25300, stack(0x00000078ebd00000,0x00000078ed100000)]
  0x000001b8edd018d0 JavaThread "Process Messages Thread" [_thread_blocked, id=30492, stack(0x00000078f9c00000,0x00000078fa600000)]
  0x000001b8edd00a60 JavaThread "Batik CleanerThread" daemon [_thread_blocked, id=896, stack(0x00000078fa600000,0x00000078fb000000)]
  0x000001b8edd02270 JavaThread "SyntheticaCleanerThread" daemon [_thread_blocked, id=36420, stack(0x00000078fba00000,0x00000078fc400000)]
  0x000001b8ed459430 JavaThread "Timer-0" [_thread_blocked, id=44464, stack(0x00000078fce00000,0x00000078fd800000)]
  0x000001b8ed459dd0 JavaThread "Monitor File Timestamp Swing Worker Thread" [_thread_blocked, id=45676, stack(0x00000078fd800000,0x00000078fe200000)]
  0x000001b8b7441f00 JavaThread "Monitor HEventQueue Thread" [_thread_blocked, id=48276, stack(0x00000078fe200000,0x00000078fec00000)]
  0x000001b8b74453f0 JavaThread "SyntheticaAnimation 50" daemon [_thread_blocked, id=47888, stack(0x00000078fec00000,0x00000078ff600000)]
  0x000001b8b9b5fdd0 JavaThread "SyntheticaAnimation 25" daemon [_thread_blocked, id=47056, stack(0x00000078ff600000,0x0000007900000000)]
  0x000001b8b9b60770 JavaThread "SyntheticaAnimation 70" daemon [_thread_blocked, id=46316, stack(0x0000007880a00000,0x0000007881400000)]
  0x000001b9043dac50 JavaThread "Refresh Filesets Swing Worker Thread" [_thread_blocked, id=31844, stack(0x00000078fb000000,0x00000078fba00000)]
  0x000001b9136f7d60 JavaThread "hw_ila_monitor" [_thread_blocked, id=48396, stack(0x00000078fc400000,0x00000078fce00000)]
  0x000001b9136f6550 JavaThread "pool-1-thread-1" [_thread_blocked, id=49888, stack(0x0000007882c00000,0x0000007883600000)]
  0x000001b9136fa3e0 JavaThread "Timer-1" [_thread_blocked, id=40584, stack(0x0000007883600000,0x0000007884000000)]
  0x000001b9136f6a20 JavaThread "pool-2-thread-1" [_thread_blocked, id=17376, stack(0x0000007884000000,0x0000007884a00000)]
  0x000001b9136f8230 JavaThread "Timer-2" [_thread_blocked, id=14136, stack(0x0000007884a00000,0x0000007885400000)]
  0x000001b9136f6080 JavaThread "pool-3-thread-1" [_thread_blocked, id=49140, stack(0x0000007885400000,0x0000007885e00000)]
  0x000001b9136fe270 JavaThread "Timer-3" [_thread_blocked, id=44036, stack(0x0000007885e00000,0x0000007886800000)]
  0x000001b9136fe740 JavaThread "Update Runs Swing Worker Thread" [_thread_blocked, id=22180, stack(0x0000007886800000,0x0000007887200000)]
  0x000001b8b6f0bf70 JavaThread "SyntheticaAnimation 50" daemon [_thread_blocked, id=34724, stack(0x0000007881400000,0x0000007881e00000)]
  0x000001b8b6f11ae0 JavaThread "SyntheticaAnimation 50" daemon [_thread_blocked, id=2032, stack(0x0000007887200000,0x0000007887c00000)]
  0x000001b8b6f132f0 JavaThread "Swing-Shell" daemon [_thread_blocked, id=5812, stack(0x0000007881e00000,0x0000007882800000)]
  0x000001b8b6f17180 JavaThread "pool-5-thread-1" [_thread_blocked, id=38480, stack(0x000000788ae00000,0x000000788b800000)]
  0x000001b8b6f17650 JavaThread "pool-6-thread-1" [_thread_blocked, id=8932, stack(0x000000788c200000,0x000000788cc00000)]
  0x000001b8b6f1a1a0 JavaThread "pool-7-thread-1" [_thread_blocked, id=46012, stack(0x000000788d600000,0x000000788e000000)]
  0x000001b8b6f18990 JavaThread "pool-8-thread-1" [_thread_blocked, id=37900, stack(0x000000788b800000,0x000000788c200000)]
  0x000001b8b6f1a670 JavaThread "pool-9-thread-1" [_thread_blocked, id=35664, stack(0x000000788e000000,0x000000788ea00000)]
  0x000001b8b6f19330 JavaThread "pool-10-thread-1" [_thread_blocked, id=25880, stack(0x000000788f400000,0x000000788fe00000)]
  0x000001b923294f20 JavaThread "pool-11-thread-1" [_thread_blocked, id=42268, stack(0x0000007888600000,0x0000007889000000)]
  0x000001b923293710 JavaThread "Timer-12" [_thread_blocked, id=43716, stack(0x0000007889a00000,0x000000788a400000)]
  0x000001b923296730 JavaThread "pool-12-thread-1" [_thread_blocked, id=26540, stack(0x000000788a400000,0x000000788ae00000)]
  0x000001b9232958c0 JavaThread "Timer-13" [_thread_blocked, id=28348, stack(0x000000788cc00000,0x000000788d600000)]
  0x000001b923290bc0 JavaThread "pool-13-thread-1" [_thread_blocked, id=26172, stack(0x000000788ea00000,0x000000788f400000)]
  0x000001b9232970d0 JavaThread "Timer-14" [_thread_blocked, id=24676, stack(0x000000788fe00000,0x0000007890800000)]
  0x000001b923291560 JavaThread "pool-14-thread-1" [_thread_blocked, id=23048, stack(0x0000007890800000,0x0000007891200000)]
  0x000001b92328f880 JavaThread "Timer-15" [_thread_blocked, id=43808, stack(0x0000007891200000,0x0000007891c00000)]
  0x000001b923295d90 JavaThread "pool-15-thread-1" [_thread_blocked, id=11628, stack(0x0000007891c00000,0x0000007892600000)]
  0x000001b9232940b0 JavaThread "Timer-16" [_thread_blocked, id=17744, stack(0x0000007892600000,0x0000007893000000)]
  0x000001b9232975a0 JavaThread "pool-16-thread-1" [_thread_blocked, id=41376, stack(0x0000007893000000,0x0000007893a00000)]
  0x000001b92329bdd0 JavaThread "Timer-17" [_thread_blocked, id=49444, stack(0x0000007893a00000,0x0000007894400000)]
  0x000001b92327c480 JavaThread "Image Fetcher 3" daemon [_thread_blocked, id=42448, stack(0x0000007887c00000,0x0000007888600000)]

Other Threads:
  0x000001b8c5d099b0 VMThread "VM Thread" [stack: 0x00000078ee200000,0x00000078ee300000] [id=44780]
  0x000001b8c5aa5a10 WatcherThread [stack: 0x00000078f4200000,0x00000078f4300000] [id=48232]
  0x000001b8c3d59ea0 GCTaskThread "GC Thread#0" [stack: 0x00000078edc00000,0x00000078edd00000] [id=47256]
  0x000001b8c3d560d0 GCTaskThread "GC Thread#1" [stack: 0x00000078f7100000,0x00000078f7200000] [id=46188]
  0x000001b8c3d5a6b0 GCTaskThread "GC Thread#2" [stack: 0x00000078f7200000,0x00000078f7300000] [id=50100]
  0x000001b8c3d5a150 GCTaskThread "GC Thread#3" [stack: 0x00000078f7300000,0x00000078f7400000] [id=49632]
  0x000001b8c3d56380 GCTaskThread "GC Thread#4" [stack: 0x00000078f7400000,0x00000078f7500000] [id=16168]
  0x000001b8c3d545f0 GCTaskThread "GC Thread#5" [stack: 0x00000078f7500000,0x00000078f7600000] [id=36876]
  0x000001b8c3d5a960 GCTaskThread "GC Thread#6" [stack: 0x00000078f7600000,0x00000078f7700000] [id=47872]
  0x000001b8c3d5aec0 GCTaskThread "GC Thread#7" [stack: 0x00000078f7700000,0x00000078f7800000] [id=43240]
  0x000001b8c3d5cc50 GCTaskThread "GC Thread#8" [stack: 0x00000078f7800000,0x00000078f7900000] [id=31036]
  0x000001b8c3d5a400 GCTaskThread "GC Thread#9" [stack: 0x00000078f7900000,0x00000078f7a00000] [id=45492]
  0x000001b8c3d5e730 GCTaskThread "GC Thread#10" [stack: 0x00000078f7a00000,0x00000078f7b00000] [id=40444]
  0x000001b8c3d58670 GCTaskThread "GC Thread#11" [stack: 0x00000078f7b00000,0x00000078f7c00000] [id=11248]
  0x000001b8c3d568e0 GCTaskThread "GC Thread#12" [stack: 0x00000078f7c00000,0x00000078f7d00000] [id=46456]
  0x000001b8c5a3f250 ConcurrentGCThread "G1 Main Marker" [stack: 0x00000078edd00000,0x00000078ede00000] [id=40160]
  0x000001b8c3d56e40 ConcurrentGCThread "G1 Conc#0" [stack: 0x00000078ede00000,0x00000078edf00000] [id=13584]
  0x000001b8c3d5c6f0 ConcurrentGCThread "G1 Conc#1" [stack: 0x00000078f9200000,0x00000078f9300000] [id=41260]
  0x000001b8c3d5c9a0 ConcurrentGCThread "G1 Conc#2" [stack: 0x00000078f9300000,0x00000078f9400000] [id=25260]
  0x000001b8c3e6b490 ConcurrentGCThread "G1 Refine#0" [stack: 0x00000078edf00000,0x00000078ee000000] [id=32044]
  0x000001b8c5c36830 ConcurrentGCThread "G1 Service" [stack: 0x00000078ee000000,0x00000078ee100000] [id=34584]
  0x000001b8c3d583c0 ConcurrentGCThread "StringDedupProcessor" [stack: 0x00000078ee100000,0x00000078ee200000] [id=7220]

Threads with active compile tasks:

VM state: not at safepoint (normal execution)

VM Mutex/Monitor currently owned by a thread: None

Heap address: 0x0000000701800000, size: 4072 MB, Compressed Oops mode: Zero based, Oop shift amount: 3

CDS archive(s) mapped at: [0x0000000800000000-0x0000000800bc0000-0x0000000800bc0000), size 12320768, SharedBaseAddress: 0x0000000800000000, ArchiveRelocationMode: 0.
Compressed class space mapped at: 0x0000000800c00000-0x0000000840c00000, reserved size: 1073741824
Narrow klass base: 0x0000000800000000, Narrow klass shift: 0, Narrow klass range: 0x100000000

GC Precious Log:
 CPUs: 16 total, 16 available
 Memory: 16110M
 Large Page Support: Disabled
 NUMA Support: Disabled
 Compressed Oops: Enabled (Zero based)
 Heap Region Size: 2M
 Heap Min Capacity: 512M
 Heap Initial Capacity: 512M
 Heap Max Capacity: 4072M
 Pre-touch: Disabled
 Parallel Workers: 13
 Concurrent Workers: 3
 Concurrent Refinement Workers: 13
 Periodic GC: Disabled
 String Deduplication is enabled

Heap:
 garbage-first heap   total 524288K, used 160861K [0x0000000701800000, 0x0000000800000000)
  region size 2048K, 5 young (10240K), 3 survivors (6144K)
 Metaspace       used 103073K, committed 103936K, reserved 1138688K
  class space    used 14893K, committed 15296K, reserved 1048576K

Heap Regions: E=young(eden), S=young(survivor), O=old, HS=humongous(starts), HC=humongous(continues), CS=collection set, F=free, OA=open archive, CA=closed archive, TAMS=top-at-mark-start (previous, next)
|   0|0x0000000701800000, 0x0000000701a00000, 0x0000000701a00000|100%|HS|  |TAMS 0x0000000701a00000, 0x0000000701800000| Untracked 
|   1|0x0000000701a00000, 0x0000000701bfe848, 0x0000000701c00000| 99%| O|  |TAMS 0x0000000701bfe848, 0x0000000701a00000| Untracked 
|   2|0x0000000701c00000, 0x0000000701dffff8, 0x0000000701e00000| 99%| O|  |TAMS 0x0000000701dffff8, 0x0000000701c00000| Untracked 
|   3|0x0000000701e00000, 0x0000000702000000, 0x0000000702000000|100%| O|  |TAMS 0x0000000702000000, 0x0000000701e00000| Untracked 
|   4|0x0000000702000000, 0x00000007021fceb8, 0x0000000702200000| 99%| O|  |TAMS 0x00000007021fceb8, 0x0000000702000000| Untracked 
|   5|0x0000000702200000, 0x00000007023fff10, 0x0000000702400000| 99%| O|  |TAMS 0x00000007023fff10, 0x0000000702200000| Untracked 
|   6|0x0000000702400000, 0x0000000702600000, 0x0000000702600000|100%| O|  |TAMS 0x0000000702600000, 0x0000000702400000| Untracked 
|   7|0x0000000702600000, 0x0000000702800000, 0x0000000702800000|100%| O|  |TAMS 0x0000000702800000, 0x0000000702600000| Untracked 
|   8|0x0000000702800000, 0x00000007029ffff0, 0x0000000702a00000| 99%| O|  |TAMS 0x00000007029ffff0, 0x0000000702800000| Untracked 
|   9|0x0000000702a00000, 0x0000000702bffff8, 0x0000000702c00000| 99%| O|  |TAMS 0x0000000702bffff8, 0x0000000702a00000| Untracked 
|  10|0x0000000702c00000, 0x0000000702dffff0, 0x0000000702e00000| 99%| O|  |TAMS 0x0000000702dffff0, 0x0000000702c00000| Untracked 
|  11|0x0000000702e00000, 0x0000000702fffff8, 0x0000000703000000| 99%| O|  |TAMS 0x0000000702fffff8, 0x0000000702e00000| Untracked 
|  12|0x0000000703000000, 0x00000007031fffe0, 0x0000000703200000| 99%| O|  |TAMS 0x00000007031fffe0, 0x0000000703000000| Untracked 
|  13|0x0000000703200000, 0x00000007033ffdc8, 0x0000000703400000| 99%| O|  |TAMS 0x00000007033ffdc8, 0x0000000703200000| Untracked 
|  14|0x0000000703400000, 0x00000007035fffe0, 0x0000000703600000| 99%| O|  |TAMS 0x00000007035fffe0, 0x0000000703400000| Untracked 
|  15|0x0000000703600000, 0x00000007037ffff0, 0x0000000703800000| 99%| O|  |TAMS 0x00000007037ffff0, 0x0000000703600000| Untracked 
|  16|0x0000000703800000, 0x00000007039fd898, 0x0000000703a00000| 99%| O|  |TAMS 0x00000007039fd898, 0x0000000703800000| Untracked 
|  17|0x0000000703a00000, 0x0000000703bfffc0, 0x0000000703c00000| 99%| O|  |TAMS 0x0000000703bfffc0, 0x0000000703a00000| Untracked 
|  18|0x0000000703c00000, 0x0000000703e00000, 0x0000000703e00000|100%|HS|  |TAMS 0x0000000703e00000, 0x0000000703c00000| Untracked 
|  19|0x0000000703e00000, 0x0000000704000000, 0x0000000704000000|100%|HC|  |TAMS 0x0000000704000000, 0x0000000703e00000| Untracked 
|  20|0x0000000704000000, 0x0000000704200000, 0x0000000704200000|100%|HC|  |TAMS 0x0000000704200000, 0x0000000704000000| Untracked 
|  21|0x0000000704200000, 0x0000000704400000, 0x0000000704400000|100%|HC|  |TAMS 0x0000000704400000, 0x0000000704200000| Untracked 
|  22|0x0000000704400000, 0x0000000704600000, 0x0000000704600000|100%|HC|  |TAMS 0x0000000704600000, 0x0000000704400000| Untracked 
|  23|0x0000000704600000, 0x0000000704800000, 0x0000000704800000|100%|HC|  |TAMS 0x0000000704800000, 0x0000000704600000| Untracked 
|  24|0x0000000704800000, 0x00000007049fffc0, 0x0000000704a00000| 99%| O|  |TAMS 0x00000007049fffc0, 0x0000000704800000| Untracked 
|  25|0x0000000704a00000, 0x0000000704bfff78, 0x0000000704c00000| 99%| O|  |TAMS 0x0000000704bfff78, 0x0000000704a00000| Untracked 
|  26|0x0000000704c00000, 0x0000000704dfffe8, 0x0000000704e00000| 99%| O|  |TAMS 0x0000000704dfffe8, 0x0000000704c00000| Untracked 
|  27|0x0000000704e00000, 0x0000000705000000, 0x0000000705000000|100%| O|  |TAMS 0x0000000705000000, 0x0000000704e00000| Untracked 
|  28|0x0000000705000000, 0x0000000705200000, 0x0000000705200000|100%|HS|  |TAMS 0x0000000705200000, 0x0000000705000000| Untracked 
|  29|0x0000000705200000, 0x0000000705400000, 0x0000000705400000|100%|HC|  |TAMS 0x0000000705400000, 0x0000000705200000| Untracked 
|  30|0x0000000705400000, 0x0000000705600000, 0x0000000705600000|100%|HC|  |TAMS 0x0000000705600000, 0x0000000705400000| Untracked 
|  31|0x0000000705600000, 0x0000000705800000, 0x0000000705800000|100%|HC|  |TAMS 0x0000000705800000, 0x0000000705600000| Untracked 
|  32|0x0000000705800000, 0x0000000705a00000, 0x0000000705a00000|100%|HC|  |TAMS 0x0000000705a00000, 0x0000000705800000| Untracked 
|  33|0x0000000705a00000, 0x0000000705c00000, 0x0000000705c00000|100%|HC|  |TAMS 0x0000000705c00000, 0x0000000705a00000| Untracked 
|  34|0x0000000705c00000, 0x0000000705e00000, 0x0000000705e00000|100%|HC|  |TAMS 0x0000000705e00000, 0x0000000705c00000| Untracked 
|  35|0x0000000705e00000, 0x0000000706000000, 0x0000000706000000|100%|HC|  |TAMS 0x0000000706000000, 0x0000000705e00000| Untracked 
|  36|0x0000000706000000, 0x0000000706200000, 0x0000000706200000|100%|HS|  |TAMS 0x0000000706200000, 0x0000000706000000| Untracked 
|  37|0x0000000706200000, 0x00000007063ffea0, 0x0000000706400000| 99%| O|  |TAMS 0x00000007063ffea0, 0x0000000706200000| Untracked 
|  38|0x0000000706400000, 0x00000007065ffff0, 0x0000000706600000| 99%| O|  |TAMS 0x00000007065ffff0, 0x0000000706400000| Untracked 
|  39|0x0000000706600000, 0x00000007067fffd0, 0x0000000706800000| 99%| O|  |TAMS 0x00000007067fffd0, 0x0000000706600000| Untracked 
|  40|0x0000000706800000, 0x00000007069fff10, 0x0000000706a00000| 99%| O|  |TAMS 0x00000007069fff10, 0x0000000706800000| Untracked 
|  41|0x0000000706a00000, 0x0000000706bffda0, 0x0000000706c00000| 99%| O|  |TAMS 0x0000000706bffda0, 0x0000000706a00000| Untracked 
|  42|0x0000000706c00000, 0x0000000706dfffd8, 0x0000000706e00000| 99%| O|  |TAMS 0x0000000706dfffd8, 0x0000000706c00000| Untracked 
|  43|0x0000000706e00000, 0x0000000706fff1b8, 0x0000000707000000| 99%| O|  |TAMS 0x0000000706fff1b8, 0x0000000706e00000| Untracked 
|  44|0x0000000707000000, 0x00000007071fff18, 0x0000000707200000| 99%| O|  |TAMS 0x00000007071fff18, 0x0000000707000000| Untracked 
|  45|0x0000000707200000, 0x00000007073ffff8, 0x0000000707400000| 99%| O|  |TAMS 0x00000007073ffff8, 0x0000000707200000| Untracked 
|  46|0x0000000707400000, 0x00000007075fffd8, 0x0000000707600000| 99%| O|  |TAMS 0x00000007075fffd8, 0x0000000707400000| Untracked 
|  47|0x0000000707600000, 0x00000007077ffff0, 0x0000000707800000| 99%| O|  |TAMS 0x00000007077ffff0, 0x0000000707600000| Untracked 
|  48|0x0000000707800000, 0x00000007079fffe8, 0x0000000707a00000| 99%| O|  |TAMS 0x00000007079fffe8, 0x0000000707800000| Untracked 
|  49|0x0000000707a00000, 0x0000000707bffff0, 0x0000000707c00000| 99%| O|  |TAMS 0x0000000707bffff0, 0x0000000707a00000| Untracked 
|  50|0x0000000707c00000, 0x0000000707dfffe8, 0x0000000707e00000| 99%| O|  |TAMS 0x0000000707dfffe8, 0x0000000707c00000| Untracked 
|  51|0x0000000707e00000, 0x0000000707fbbd08, 0x0000000708000000| 86%| O|  |TAMS 0x0000000707e00000, 0x0000000707e00000| Untracked 
|  52|0x0000000708000000, 0x00000007081ffe48, 0x0000000708200000| 99%| O|  |TAMS 0x00000007081ffe48, 0x0000000708000000| Untracked 
|  53|0x0000000708200000, 0x00000007083fffa8, 0x0000000708400000| 99%| O|  |TAMS 0x00000007083fffa8, 0x0000000708200000| Untracked 
|  54|0x0000000708400000, 0x00000007085ffff0, 0x0000000708600000| 99%| O|  |TAMS 0x00000007085ffff0, 0x0000000708400000| Untracked 
|  55|0x0000000708600000, 0x00000007087b8c90, 0x0000000708800000| 86%| O|  |TAMS 0x0000000708600000, 0x0000000708600000| Untracked 
|  56|0x0000000708800000, 0x00000007089ffff8, 0x0000000708a00000| 99%| O|  |TAMS 0x00000007089ffff8, 0x0000000708800000| Untracked 
|  57|0x0000000708a00000, 0x0000000708bffff0, 0x0000000708c00000| 99%| O|  |TAMS 0x0000000708bffff0, 0x0000000708a00000| Untracked 
|  58|0x0000000708c00000, 0x0000000708de53d8, 0x0000000708e00000| 94%| O|  |TAMS 0x0000000708c00000, 0x0000000708c00000| Untracked 
|  59|0x0000000708e00000, 0x0000000708fffff0, 0x0000000709000000| 99%| O|  |TAMS 0x0000000708fffff0, 0x0000000708e00000| Untracked 
|  60|0x0000000709000000, 0x0000000709189ea8, 0x0000000709200000| 76%| O|  |TAMS 0x0000000709000000, 0x0000000709000000| Untracked 
|  61|0x0000000709200000, 0x00000007093ffff8, 0x0000000709400000| 99%| O|  |TAMS 0x0000000709200000, 0x0000000709200000| Untracked 
|  62|0x0000000709400000, 0x00000007095741f8, 0x0000000709600000| 72%| O|  |TAMS 0x0000000709400000, 0x0000000709400000| Untracked 
|  63|0x0000000709600000, 0x00000007097b6910, 0x0000000709800000| 85%| O|  |TAMS 0x0000000709600000, 0x0000000709600000| Untracked 
|  64|0x0000000709800000, 0x00000007099adfd0, 0x0000000709a00000| 83%| O|  |TAMS 0x0000000709800000, 0x0000000709800000| Untracked 
|  65|0x0000000709a00000, 0x0000000709b88b68, 0x0000000709c00000| 76%| O|  |TAMS 0x0000000709a00000, 0x0000000709a00000| Untracked 
|  66|0x0000000709c00000, 0x0000000709dfffe8, 0x0000000709e00000| 99%| O|  |TAMS 0x0000000709c00000, 0x0000000709c00000| Untracked 
|  67|0x0000000709e00000, 0x0000000709f0f698, 0x000000070a000000| 53%| O|  |TAMS 0x0000000709e00000, 0x0000000709e00000| Untracked 
|  68|0x000000070a000000, 0x000000070a193038, 0x000000070a200000| 78%| O|  |TAMS 0x000000070a000000, 0x000000070a000000| Untracked 
|  69|0x000000070a200000, 0x000000070a200000, 0x000000070a400000|  0%| F|  |TAMS 0x000000070a200000, 0x000000070a200000| Untracked 
|  70|0x000000070a400000, 0x000000070a400000, 0x000000070a600000|  0%| F|  |TAMS 0x000000070a400000, 0x000000070a400000| Untracked 
|  71|0x000000070a600000, 0x000000070a600000, 0x000000070a800000|  0%| F|  |TAMS 0x000000070a600000, 0x000000070a600000| Untracked 
|  72|0x000000070a800000, 0x000000070a800000, 0x000000070aa00000|  0%| F|  |TAMS 0x000000070a800000, 0x000000070a800000| Untracked 
|  73|0x000000070aa00000, 0x000000070aa00000, 0x000000070ac00000|  0%| F|  |TAMS 0x000000070aa00000, 0x000000070aa00000| Untracked 
|  74|0x000000070ac00000, 0x000000070ac00000, 0x000000070ae00000|  0%| F|  |TAMS 0x000000070ac00000, 0x000000070ac00000| Untracked 
|  75|0x000000070ae00000, 0x000000070ae00000, 0x000000070b000000|  0%| F|  |TAMS 0x000000070ae00000, 0x000000070ae00000| Untracked 
|  76|0x000000070b000000, 0x000000070b000000, 0x000000070b200000|  0%| F|  |TAMS 0x000000070b000000, 0x000000070b000000| Untracked 
|  77|0x000000070b200000, 0x000000070b200000, 0x000000070b400000|  0%| F|  |TAMS 0x000000070b200000, 0x000000070b200000| Untracked 
|  78|0x000000070b400000, 0x000000070b400000, 0x000000070b600000|  0%| F|  |TAMS 0x000000070b400000, 0x000000070b400000| Untracked 
|  79|0x000000070b600000, 0x000000070b600000, 0x000000070b800000|  0%| F|  |TAMS 0x000000070b600000, 0x000000070b600000| Untracked 
|  80|0x000000070b800000, 0x000000070b800000, 0x000000070ba00000|  0%| F|  |TAMS 0x000000070b800000, 0x000000070b800000| Untracked 
|  81|0x000000070ba00000, 0x000000070ba00000, 0x000000070bc00000|  0%| F|  |TAMS 0x000000070ba00000, 0x000000070ba00000| Untracked 
|  82|0x000000070bc00000, 0x000000070bc00000, 0x000000070be00000|  0%| F|  |TAMS 0x000000070bc00000, 0x000000070bc00000| Untracked 
|  83|0x000000070be00000, 0x000000070be00000, 0x000000070c000000|  0%| F|  |TAMS 0x000000070be00000, 0x000000070be00000| Untracked 
|  84|0x000000070c000000, 0x000000070c000000, 0x000000070c200000|  0%| F|  |TAMS 0x000000070c000000, 0x000000070c000000| Untracked 
|  85|0x000000070c200000, 0x000000070c400000, 0x000000070c400000|100%|HS|  |TAMS 0x000000070c200000, 0x000000070c200000| Complete 
|  86|0x000000070c400000, 0x000000070c600000, 0x000000070c600000|100%|HC|  |TAMS 0x000000070c400000, 0x000000070c400000| Complete 
|  87|0x000000070c600000, 0x000000070c800000, 0x000000070c800000|100%|HC|  |TAMS 0x000000070c600000, 0x000000070c600000| Complete 
|  88|0x000000070c800000, 0x000000070ca00000, 0x000000070ca00000|100%|HC|  |TAMS 0x000000070c800000, 0x000000070c800000| Complete 
|  89|0x000000070ca00000, 0x000000070cc00000, 0x000000070cc00000|100%|HC|  |TAMS 0x000000070ca00000, 0x000000070ca00000| Complete 
|  90|0x000000070cc00000, 0x000000070ce00000, 0x000000070ce00000|100%|HC|  |TAMS 0x000000070cc00000, 0x000000070cc00000| Complete 
|  91|0x000000070ce00000, 0x000000070d000000, 0x000000070d000000|100%|HC|  |TAMS 0x000000070ce00000, 0x000000070ce00000| Complete 
|  92|0x000000070d000000, 0x000000070d200000, 0x000000070d200000|100%|HC|  |TAMS 0x000000070d000000, 0x000000070d000000| Complete 
|  93|0x000000070d200000, 0x000000070d200000, 0x000000070d400000|  0%| F|  |TAMS 0x000000070d200000, 0x000000070d200000| Untracked 
|  94|0x000000070d400000, 0x000000070d400000, 0x000000070d600000|  0%| F|  |TAMS 0x000000070d400000, 0x000000070d400000| Untracked 
|  95|0x000000070d600000, 0x000000070d600000, 0x000000070d800000|  0%| F|  |TAMS 0x000000070d600000, 0x000000070d600000| Untracked 
|  96|0x000000070d800000, 0x000000070d800000, 0x000000070da00000|  0%| F|  |TAMS 0x000000070d800000, 0x000000070d800000| Untracked 
|  97|0x000000070da00000, 0x000000070da00000, 0x000000070dc00000|  0%| F|  |TAMS 0x000000070da00000, 0x000000070da00000| Untracked 
|  98|0x000000070dc00000, 0x000000070dc00000, 0x000000070de00000|  0%| F|  |TAMS 0x000000070dc00000, 0x000000070dc00000| Untracked 
|  99|0x000000070de00000, 0x000000070de2d730, 0x000000070e000000|  8%| O|  |TAMS 0x000000070de00000, 0x000000070de00000| Untracked 
| 100|0x000000070e000000, 0x000000070e000000, 0x000000070e200000|  0%| F|  |TAMS 0x000000070e000000, 0x000000070e000000| Untracked 
| 101|0x000000070e200000, 0x000000070e200000, 0x000000070e400000|  0%| F|  |TAMS 0x000000070e200000, 0x000000070e200000| Untracked 
| 102|0x000000070e400000, 0x000000070e400000, 0x000000070e600000|  0%| F|  |TAMS 0x000000070e400000, 0x000000070e400000| Untracked 
| 103|0x000000070e600000, 0x000000070e600000, 0x000000070e800000|  0%| F|  |TAMS 0x000000070e600000, 0x000000070e600000| Untracked 
| 104|0x000000070e800000, 0x000000070e800000, 0x000000070ea00000|  0%| F|  |TAMS 0x000000070e800000, 0x000000070e800000| Untracked 
| 105|0x000000070ea00000, 0x000000070ea00000, 0x000000070ec00000|  0%| F|  |TAMS 0x000000070ea00000, 0x000000070ea00000| Untracked 
| 106|0x000000070ec00000, 0x000000070ec00000, 0x000000070ee00000|  0%| F|  |TAMS 0x000000070ec00000, 0x000000070ec00000| Untracked 
| 107|0x000000070ee00000, 0x000000070ee00000, 0x000000070f000000|  0%| F|  |TAMS 0x000000070ee00000, 0x000000070ee00000| Untracked 
| 108|0x000000070f000000, 0x000000070f000000, 0x000000070f200000|  0%| F|  |TAMS 0x000000070f000000, 0x000000070f000000| Untracked 
| 109|0x000000070f200000, 0x000000070f200000, 0x000000070f400000|  0%| F|  |TAMS 0x000000070f200000, 0x000000070f200000| Untracked 
| 110|0x000000070f400000, 0x000000070f400000, 0x000000070f600000|  0%| F|  |TAMS 0x000000070f400000, 0x000000070f400000| Untracked 
| 111|0x000000070f600000, 0x000000070f600000, 0x000000070f800000|  0%| F|  |TAMS 0x000000070f600000, 0x000000070f600000| Untracked 
| 112|0x000000070f800000, 0x000000070f800000, 0x000000070fa00000|  0%| F|  |TAMS 0x000000070f800000, 0x000000070f800000| Untracked 
| 113|0x000000070fa00000, 0x000000070fa00000, 0x000000070fc00000|  0%| F|  |TAMS 0x000000070fa00000, 0x000000070fa00000| Untracked 
| 114|0x000000070fc00000, 0x000000070fc00000, 0x000000070fe00000|  0%| F|  |TAMS 0x000000070fc00000, 0x000000070fc00000| Untracked 
| 115|0x000000070fe00000, 0x000000070fe00000, 0x0000000710000000|  0%| F|  |TAMS 0x000000070fe00000, 0x000000070fe00000| Untracked 
| 116|0x0000000710000000, 0x0000000710000000, 0x0000000710200000|  0%| F|  |TAMS 0x0000000710000000, 0x0000000710000000| Untracked 
| 117|0x0000000710200000, 0x0000000710200000, 0x0000000710400000|  0%| F|  |TAMS 0x0000000710200000, 0x0000000710200000| Untracked 
| 118|0x0000000710400000, 0x0000000710400000, 0x0000000710600000|  0%| F|  |TAMS 0x0000000710400000, 0x0000000710400000| Untracked 
| 119|0x0000000710600000, 0x0000000710600000, 0x0000000710800000|  0%| F|  |TAMS 0x0000000710600000, 0x0000000710600000| Untracked 
| 120|0x0000000710800000, 0x0000000710800000, 0x0000000710a00000|  0%| F|  |TAMS 0x0000000710800000, 0x0000000710800000| Untracked 
| 121|0x0000000710a00000, 0x0000000710a00000, 0x0000000710c00000|  0%| F|  |TAMS 0x0000000710a00000, 0x0000000710a00000| Untracked 
| 122|0x0000000710c00000, 0x0000000710c00000, 0x0000000710e00000|  0%| F|  |TAMS 0x0000000710c00000, 0x0000000710c00000| Untracked 
| 123|0x0000000710e00000, 0x0000000710e00000, 0x0000000711000000|  0%| F|  |TAMS 0x0000000710e00000, 0x0000000710e00000| Untracked 
| 124|0x0000000711000000, 0x0000000711000000, 0x0000000711200000|  0%| F|  |TAMS 0x0000000711000000, 0x0000000711000000| Untracked 
| 125|0x0000000711200000, 0x0000000711200000, 0x0000000711400000|  0%| F|  |TAMS 0x0000000711200000, 0x0000000711200000| Untracked 
| 126|0x0000000711400000, 0x0000000711400000, 0x0000000711600000|  0%| F|  |TAMS 0x0000000711400000, 0x0000000711400000| Untracked 
| 127|0x0000000711600000, 0x0000000711600000, 0x0000000711800000|  0%| F|  |TAMS 0x0000000711600000, 0x0000000711600000| Untracked 
| 128|0x0000000711800000, 0x0000000711800000, 0x0000000711a00000|  0%| F|  |TAMS 0x0000000711800000, 0x0000000711800000| Untracked 
| 129|0x0000000711a00000, 0x0000000711a00000, 0x0000000711c00000|  0%| F|  |TAMS 0x0000000711a00000, 0x0000000711a00000| Untracked 
| 130|0x0000000711c00000, 0x0000000711c00000, 0x0000000711e00000|  0%| F|  |TAMS 0x0000000711c00000, 0x0000000711c00000| Untracked 
| 131|0x0000000711e00000, 0x0000000711e00000, 0x0000000712000000|  0%| F|  |TAMS 0x0000000711e00000, 0x0000000711e00000| Untracked 
| 132|0x0000000712000000, 0x0000000712000000, 0x0000000712200000|  0%| F|  |TAMS 0x0000000712000000, 0x0000000712000000| Untracked 
| 133|0x0000000712200000, 0x0000000712200000, 0x0000000712400000|  0%| F|  |TAMS 0x0000000712200000, 0x0000000712200000| Untracked 
| 134|0x0000000712400000, 0x0000000712400000, 0x0000000712600000|  0%| F|  |TAMS 0x0000000712400000, 0x0000000712400000| Untracked 
| 135|0x0000000712600000, 0x0000000712600000, 0x0000000712800000|  0%| F|  |TAMS 0x0000000712600000, 0x0000000712600000| Untracked 
| 136|0x0000000712800000, 0x0000000712800000, 0x0000000712a00000|  0%| F|  |TAMS 0x0000000712800000, 0x0000000712800000| Untracked 
| 137|0x0000000712a00000, 0x0000000712a00000, 0x0000000712c00000|  0%| F|  |TAMS 0x0000000712a00000, 0x0000000712a00000| Untracked 
| 138|0x0000000712c00000, 0x0000000712c00000, 0x0000000712e00000|  0%| F|  |TAMS 0x0000000712c00000, 0x0000000712c00000| Untracked 
| 139|0x0000000712e00000, 0x0000000712e00000, 0x0000000713000000|  0%| F|  |TAMS 0x0000000712e00000, 0x0000000712e00000| Untracked 
| 140|0x0000000713000000, 0x0000000713000000, 0x0000000713200000|  0%| F|  |TAMS 0x0000000713000000, 0x0000000713000000| Untracked 
| 141|0x0000000713200000, 0x0000000713200000, 0x0000000713400000|  0%| F|  |TAMS 0x0000000713200000, 0x0000000713200000| Untracked 
| 142|0x0000000713400000, 0x0000000713400000, 0x0000000713600000|  0%| F|  |TAMS 0x0000000713400000, 0x0000000713400000| Untracked 
| 143|0x0000000713600000, 0x0000000713600000, 0x0000000713800000|  0%| F|  |TAMS 0x0000000713600000, 0x0000000713600000| Untracked 
| 144|0x0000000713800000, 0x0000000713800000, 0x0000000713a00000|  0%| F|  |TAMS 0x0000000713800000, 0x0000000713800000| Untracked 
| 145|0x0000000713a00000, 0x0000000713a00000, 0x0000000713c00000|  0%| F|  |TAMS 0x0000000713a00000, 0x0000000713a00000| Untracked 
| 146|0x0000000713c00000, 0x0000000713c00000, 0x0000000713e00000|  0%| F|  |TAMS 0x0000000713c00000, 0x0000000713c00000| Untracked 
| 147|0x0000000713e00000, 0x0000000713e00000, 0x0000000714000000|  0%| F|  |TAMS 0x0000000713e00000, 0x0000000713e00000| Untracked 
| 148|0x0000000714000000, 0x0000000714000000, 0x0000000714200000|  0%| F|  |TAMS 0x0000000714000000, 0x0000000714000000| Untracked 
| 149|0x0000000714200000, 0x0000000714200000, 0x0000000714400000|  0%| F|  |TAMS 0x0000000714200000, 0x0000000714200000| Untracked 
| 150|0x0000000714400000, 0x0000000714400000, 0x0000000714600000|  0%| F|  |TAMS 0x0000000714400000, 0x0000000714400000| Untracked 
| 151|0x0000000714600000, 0x0000000714600000, 0x0000000714800000|  0%| F|  |TAMS 0x0000000714600000, 0x0000000714600000| Untracked 
| 152|0x0000000714800000, 0x0000000714800000, 0x0000000714a00000|  0%| F|  |TAMS 0x0000000714800000, 0x0000000714800000| Untracked 
| 153|0x0000000714a00000, 0x0000000714a00000, 0x0000000714c00000|  0%| F|  |TAMS 0x0000000714a00000, 0x0000000714a00000| Untracked 
| 154|0x0000000714c00000, 0x0000000714c00000, 0x0000000714e00000|  0%| F|  |TAMS 0x0000000714c00000, 0x0000000714c00000| Untracked 
| 155|0x0000000714e00000, 0x0000000714e00000, 0x0000000715000000|  0%| F|  |TAMS 0x0000000714e00000, 0x0000000714e00000| Untracked 
| 156|0x0000000715000000, 0x0000000715000000, 0x0000000715200000|  0%| F|  |TAMS 0x0000000715000000, 0x0000000715000000| Untracked 
| 157|0x0000000715200000, 0x0000000715200000, 0x0000000715400000|  0%| F|  |TAMS 0x0000000715200000, 0x0000000715200000| Untracked 
| 158|0x0000000715400000, 0x0000000715400000, 0x0000000715600000|  0%| F|  |TAMS 0x0000000715400000, 0x0000000715400000| Untracked 
| 159|0x0000000715600000, 0x0000000715600000, 0x0000000715800000|  0%| F|  |TAMS 0x0000000715600000, 0x0000000715600000| Untracked 
| 160|0x0000000715800000, 0x0000000715800000, 0x0000000715a00000|  0%| F|  |TAMS 0x0000000715800000, 0x0000000715800000| Untracked 
| 161|0x0000000715a00000, 0x0000000715a00000, 0x0000000715c00000|  0%| F|  |TAMS 0x0000000715a00000, 0x0000000715a00000| Untracked 
| 162|0x0000000715c00000, 0x0000000715c00000, 0x0000000715e00000|  0%| F|  |TAMS 0x0000000715c00000, 0x0000000715c00000| Untracked 
| 163|0x0000000715e00000, 0x0000000715e00000, 0x0000000716000000|  0%| F|  |TAMS 0x0000000715e00000, 0x0000000715e00000| Untracked 
| 164|0x0000000716000000, 0x0000000716000000, 0x0000000716200000|  0%| F|  |TAMS 0x0000000716000000, 0x0000000716000000| Untracked 
| 165|0x0000000716200000, 0x0000000716200000, 0x0000000716400000|  0%| F|  |TAMS 0x0000000716200000, 0x0000000716200000| Untracked 
| 166|0x0000000716400000, 0x0000000716400000, 0x0000000716600000|  0%| F|  |TAMS 0x0000000716400000, 0x0000000716400000| Untracked 
| 167|0x0000000716600000, 0x0000000716600000, 0x0000000716800000|  0%| F|  |TAMS 0x0000000716600000, 0x0000000716600000| Untracked 
| 168|0x0000000716800000, 0x0000000716800000, 0x0000000716a00000|  0%| F|  |TAMS 0x0000000716800000, 0x0000000716800000| Untracked 
| 169|0x0000000716a00000, 0x0000000716a00000, 0x0000000716c00000|  0%| F|  |TAMS 0x0000000716a00000, 0x0000000716a00000| Untracked 
| 170|0x0000000716c00000, 0x0000000716c00000, 0x0000000716e00000|  0%| F|  |TAMS 0x0000000716c00000, 0x0000000716c00000| Untracked 
| 171|0x0000000716e00000, 0x0000000716e00000, 0x0000000717000000|  0%| F|  |TAMS 0x0000000716e00000, 0x0000000716e00000| Untracked 
| 172|0x0000000717000000, 0x0000000717000000, 0x0000000717200000|  0%| F|  |TAMS 0x0000000717000000, 0x0000000717000000| Untracked 
| 173|0x0000000717200000, 0x0000000717200000, 0x0000000717400000|  0%| F|  |TAMS 0x0000000717200000, 0x0000000717200000| Untracked 
| 174|0x0000000717400000, 0x0000000717400000, 0x0000000717600000|  0%| F|  |TAMS 0x0000000717400000, 0x0000000717400000| Untracked 
| 175|0x0000000717600000, 0x0000000717600000, 0x0000000717800000|  0%| F|  |TAMS 0x0000000717600000, 0x0000000717600000| Untracked 
| 176|0x0000000717800000, 0x0000000717800000, 0x0000000717a00000|  0%| F|  |TAMS 0x0000000717800000, 0x0000000717800000| Untracked 
| 177|0x0000000717a00000, 0x0000000717a00000, 0x0000000717c00000|  0%| F|  |TAMS 0x0000000717a00000, 0x0000000717a00000| Untracked 
| 178|0x0000000717c00000, 0x0000000717c00000, 0x0000000717e00000|  0%| F|  |TAMS 0x0000000717c00000, 0x0000000717c00000| Untracked 
| 179|0x0000000717e00000, 0x0000000717e00000, 0x0000000718000000|  0%| F|  |TAMS 0x0000000717e00000, 0x0000000717e00000| Untracked 
| 180|0x0000000718000000, 0x0000000718000000, 0x0000000718200000|  0%| F|  |TAMS 0x0000000718000000, 0x0000000718000000| Untracked 
| 181|0x0000000718200000, 0x0000000718200000, 0x0000000718400000|  0%| F|  |TAMS 0x0000000718200000, 0x0000000718200000| Untracked 
| 182|0x0000000718400000, 0x0000000718400000, 0x0000000718600000|  0%| F|  |TAMS 0x0000000718400000, 0x0000000718400000| Untracked 
| 183|0x0000000718600000, 0x0000000718600000, 0x0000000718800000|  0%| F|  |TAMS 0x0000000718600000, 0x0000000718600000| Untracked 
| 184|0x0000000718800000, 0x0000000718800000, 0x0000000718a00000|  0%| F|  |TAMS 0x0000000718800000, 0x0000000718800000| Untracked 
| 185|0x0000000718a00000, 0x0000000718a00000, 0x0000000718c00000|  0%| F|  |TAMS 0x0000000718a00000, 0x0000000718a00000| Untracked 
| 186|0x0000000718c00000, 0x0000000718c00000, 0x0000000718e00000|  0%| F|  |TAMS 0x0000000718c00000, 0x0000000718c00000| Untracked 
| 187|0x0000000718e00000, 0x0000000718e00000, 0x0000000719000000|  0%| F|  |TAMS 0x0000000718e00000, 0x0000000718e00000| Untracked 
| 188|0x0000000719000000, 0x0000000719000000, 0x0000000719200000|  0%| F|  |TAMS 0x0000000719000000, 0x0000000719000000| Untracked 
| 189|0x0000000719200000, 0x0000000719200000, 0x0000000719400000|  0%| F|  |TAMS 0x0000000719200000, 0x0000000719200000| Untracked 
| 190|0x0000000719400000, 0x0000000719400000, 0x0000000719600000|  0%| F|  |TAMS 0x0000000719400000, 0x0000000719400000| Untracked 
| 191|0x0000000719600000, 0x0000000719600000, 0x0000000719800000|  0%| F|  |TAMS 0x0000000719600000, 0x0000000719600000| Untracked 
| 192|0x0000000719800000, 0x0000000719800000, 0x0000000719a00000|  0%| F|  |TAMS 0x0000000719800000, 0x0000000719800000| Untracked 
| 193|0x0000000719a00000, 0x0000000719a00000, 0x0000000719c00000|  0%| F|  |TAMS 0x0000000719a00000, 0x0000000719a00000| Untracked 
| 194|0x0000000719c00000, 0x0000000719c00000, 0x0000000719e00000|  0%| F|  |TAMS 0x0000000719c00000, 0x0000000719c00000| Untracked 
| 195|0x0000000719e00000, 0x0000000719e00000, 0x000000071a000000|  0%| F|  |TAMS 0x0000000719e00000, 0x0000000719e00000| Untracked 
| 196|0x000000071a000000, 0x000000071a000000, 0x000000071a200000|  0%| F|  |TAMS 0x000000071a000000, 0x000000071a000000| Untracked 
| 197|0x000000071a200000, 0x000000071a200000, 0x000000071a400000|  0%| F|  |TAMS 0x000000071a200000, 0x000000071a200000| Untracked 
| 198|0x000000071a400000, 0x000000071a400000, 0x000000071a600000|  0%| F|  |TAMS 0x000000071a400000, 0x000000071a400000| Untracked 
| 199|0x000000071a600000, 0x000000071a600000, 0x000000071a800000|  0%| F|  |TAMS 0x000000071a600000, 0x000000071a600000| Untracked 
| 200|0x000000071a800000, 0x000000071a800000, 0x000000071aa00000|  0%| F|  |TAMS 0x000000071a800000, 0x000000071a800000| Untracked 
| 201|0x000000071aa00000, 0x000000071aa00000, 0x000000071ac00000|  0%| F|  |TAMS 0x000000071aa00000, 0x000000071aa00000| Untracked 
| 202|0x000000071ac00000, 0x000000071ac00000, 0x000000071ae00000|  0%| F|  |TAMS 0x000000071ac00000, 0x000000071ac00000| Untracked 
| 203|0x000000071ae00000, 0x000000071ae00000, 0x000000071b000000|  0%| F|  |TAMS 0x000000071ae00000, 0x000000071ae00000| Untracked 
| 204|0x000000071b000000, 0x000000071b000000, 0x000000071b200000|  0%| F|  |TAMS 0x000000071b000000, 0x000000071b000000| Untracked 
| 205|0x000000071b200000, 0x000000071b200000, 0x000000071b400000|  0%| F|  |TAMS 0x000000071b200000, 0x000000071b200000| Untracked 
| 206|0x000000071b400000, 0x000000071b400000, 0x000000071b600000|  0%| F|  |TAMS 0x000000071b400000, 0x000000071b400000| Untracked 
| 207|0x000000071b600000, 0x000000071b600000, 0x000000071b800000|  0%| F|  |TAMS 0x000000071b600000, 0x000000071b600000| Untracked 
| 208|0x000000071b800000, 0x000000071b800000, 0x000000071ba00000|  0%| F|  |TAMS 0x000000071b800000, 0x000000071b800000| Untracked 
| 209|0x000000071ba00000, 0x000000071ba00000, 0x000000071bc00000|  0%| F|  |TAMS 0x000000071ba00000, 0x000000071ba00000| Untracked 
| 210|0x000000071bc00000, 0x000000071bc00000, 0x000000071be00000|  0%| F|  |TAMS 0x000000071bc00000, 0x000000071bc00000| Untracked 
| 211|0x000000071be00000, 0x000000071be00000, 0x000000071c000000|  0%| F|  |TAMS 0x000000071be00000, 0x000000071be00000| Untracked 
| 212|0x000000071c000000, 0x000000071c000000, 0x000000071c200000|  0%| F|  |TAMS 0x000000071c000000, 0x000000071c000000| Untracked 
| 213|0x000000071c200000, 0x000000071c303a78, 0x000000071c400000| 50%| S|CS|TAMS 0x000000071c200000, 0x000000071c200000| Complete 
| 214|0x000000071c400000, 0x000000071c600000, 0x000000071c600000|100%| S|CS|TAMS 0x000000071c400000, 0x000000071c400000| Complete 
| 215|0x000000071c600000, 0x000000071c600000, 0x000000071c800000|  0%| F|  |TAMS 0x000000071c600000, 0x000000071c600000| Untracked 
| 216|0x000000071c800000, 0x000000071c800000, 0x000000071ca00000|  0%| F|  |TAMS 0x000000071c800000, 0x000000071c800000| Untracked 
| 217|0x000000071ca00000, 0x000000071cc00000, 0x000000071cc00000|100%| S|CS|TAMS 0x000000071ca00000, 0x000000071ca00000| Complete 
| 218|0x000000071cc00000, 0x000000071cc00000, 0x000000071ce00000|  0%| F|  |TAMS 0x000000071cc00000, 0x000000071cc00000| Untracked 
| 219|0x000000071ce00000, 0x000000071ce00000, 0x000000071d000000|  0%| F|  |TAMS 0x000000071ce00000, 0x000000071ce00000| Untracked 
| 220|0x000000071d000000, 0x000000071d000000, 0x000000071d200000|  0%| F|  |TAMS 0x000000071d000000, 0x000000071d000000| Untracked 
| 221|0x000000071d200000, 0x000000071d200000, 0x000000071d400000|  0%| F|  |TAMS 0x000000071d200000, 0x000000071d200000| Untracked 
| 222|0x000000071d400000, 0x000000071d400000, 0x000000071d600000|  0%| F|  |TAMS 0x000000071d400000, 0x000000071d400000| Untracked 
| 223|0x000000071d600000, 0x000000071d600000, 0x000000071d800000|  0%| F|  |TAMS 0x000000071d600000, 0x000000071d600000| Untracked 
| 224|0x000000071d800000, 0x000000071d800000, 0x000000071da00000|  0%| F|  |TAMS 0x000000071d800000, 0x000000071d800000| Untracked 
| 225|0x000000071da00000, 0x000000071da00000, 0x000000071dc00000|  0%| F|  |TAMS 0x000000071da00000, 0x000000071da00000| Untracked 
| 226|0x000000071dc00000, 0x000000071dc00000, 0x000000071de00000|  0%| F|  |TAMS 0x000000071dc00000, 0x000000071dc00000| Untracked 
| 227|0x000000071de00000, 0x000000071de00000, 0x000000071e000000|  0%| F|  |TAMS 0x000000071de00000, 0x000000071de00000| Untracked 
| 228|0x000000071e000000, 0x000000071e000000, 0x000000071e200000|  0%| F|  |TAMS 0x000000071e000000, 0x000000071e000000| Untracked 
| 229|0x000000071e200000, 0x000000071e200000, 0x000000071e400000|  0%| F|  |TAMS 0x000000071e200000, 0x000000071e200000| Untracked 
| 230|0x000000071e400000, 0x000000071e400000, 0x000000071e600000|  0%| F|  |TAMS 0x000000071e400000, 0x000000071e400000| Untracked 
| 231|0x000000071e600000, 0x000000071e600000, 0x000000071e800000|  0%| F|  |TAMS 0x000000071e600000, 0x000000071e600000| Untracked 
| 232|0x000000071e800000, 0x000000071e800000, 0x000000071ea00000|  0%| F|  |TAMS 0x000000071e800000, 0x000000071e800000| Untracked 
| 233|0x000000071ea00000, 0x000000071ea00000, 0x000000071ec00000|  0%| F|  |TAMS 0x000000071ea00000, 0x000000071ea00000| Untracked 
| 234|0x000000071ec00000, 0x000000071ec00000, 0x000000071ee00000|  0%| F|  |TAMS 0x000000071ec00000, 0x000000071ec00000| Untracked 
| 235|0x000000071ee00000, 0x000000071ee00000, 0x000000071f000000|  0%| F|  |TAMS 0x000000071ee00000, 0x000000071ee00000| Untracked 
| 236|0x000000071f000000, 0x000000071f000000, 0x000000071f200000|  0%| F|  |TAMS 0x000000071f000000, 0x000000071f000000| Untracked 
| 237|0x000000071f200000, 0x000000071f200000, 0x000000071f400000|  0%| F|  |TAMS 0x000000071f200000, 0x000000071f200000| Untracked 
| 238|0x000000071f400000, 0x000000071f400000, 0x000000071f600000|  0%| F|  |TAMS 0x000000071f400000, 0x000000071f400000| Untracked 
| 239|0x000000071f600000, 0x000000071f600000, 0x000000071f800000|  0%| F|  |TAMS 0x000000071f600000, 0x000000071f600000| Untracked 
| 240|0x000000071f800000, 0x000000071f800000, 0x000000071fa00000|  0%| F|  |TAMS 0x000000071f800000, 0x000000071f800000| Untracked 
| 241|0x000000071fa00000, 0x000000071fa00000, 0x000000071fc00000|  0%| F|  |TAMS 0x000000071fa00000, 0x000000071fa00000| Untracked 
| 242|0x000000071fc00000, 0x000000071fc00000, 0x000000071fe00000|  0%| F|  |TAMS 0x000000071fc00000, 0x000000071fc00000| Untracked 
| 243|0x000000071fe00000, 0x000000071fe00000, 0x0000000720000000|  0%| F|  |TAMS 0x000000071fe00000, 0x000000071fe00000| Untracked 
| 244|0x0000000720000000, 0x0000000720007628, 0x0000000720200000|  1%| O|  |TAMS 0x0000000720000000, 0x0000000720000000| Untracked 
| 245|0x0000000720200000, 0x0000000720200000, 0x0000000720400000|  0%| F|  |TAMS 0x0000000720200000, 0x0000000720200000| Untracked 
| 246|0x0000000720400000, 0x0000000720400000, 0x0000000720600000|  0%| F|  |TAMS 0x0000000720400000, 0x0000000720400000| Untracked 
| 247|0x0000000720600000, 0x0000000720600000, 0x0000000720800000|  0%| F|  |TAMS 0x0000000720600000, 0x0000000720600000| Untracked 
| 248|0x0000000720800000, 0x0000000720800000, 0x0000000720a00000|  0%| F|  |TAMS 0x0000000720800000, 0x0000000720800000| Untracked 
| 249|0x0000000720a00000, 0x0000000720a00000, 0x0000000720c00000|  0%| F|  |TAMS 0x0000000720a00000, 0x0000000720a00000| Untracked 
| 250|0x0000000720c00000, 0x0000000720c00000, 0x0000000720e00000|  0%| F|  |TAMS 0x0000000720c00000, 0x0000000720c00000| Untracked 
| 251|0x0000000720e00000, 0x0000000720e00000, 0x0000000721000000|  0%| F|  |TAMS 0x0000000720e00000, 0x0000000720e00000| Untracked 
| 252|0x0000000721000000, 0x0000000721000000, 0x0000000721200000|  0%| F|  |TAMS 0x0000000721000000, 0x0000000721000000| Untracked 
| 253|0x0000000721200000, 0x0000000721200000, 0x0000000721400000|  0%| F|  |TAMS 0x0000000721200000, 0x0000000721200000| Untracked 
| 413|0x0000000735200000, 0x000000073539c540, 0x0000000735400000| 80%| E|  |TAMS 0x0000000735200000, 0x0000000735200000| Complete 
| 427|0x0000000736e00000, 0x0000000737000000, 0x0000000737000000|100%| E|CS|TAMS 0x0000000736e00000, 0x0000000736e00000| Complete 

Card table byte_map: [0x000001b8dd2d0000,0x000001b8ddad0000] _byte_map_base: 0x000001b8d9ac4000

Marking Bits (Prev, Next): (CMBitMap*) 0x000001b8c5a91a10, (CMBitMap*) 0x000001b8c5a91a50
 Prev Bits: [0x000001b8de2d0000, 0x000001b8e2270000)
 Next Bits: [0x000001b8e2270000, 0x000001b8e6210000)

Polling page: 0x000001b8bcf00000

Metaspace:

Usage:
  Non-class:     86.11 MB used.
      Class:     14.54 MB used.
       Both:    100.66 MB used.

Virtual space:
  Non-class space:       88.00 MB reserved,      86.56 MB ( 98%) committed,  11 nodes.
      Class space:        1.00 GB reserved,      14.94 MB (  1%) committed,  1 nodes.
             Both:        1.09 GB reserved,     101.50 MB (  9%) committed. 

Chunk freelists:
   Non-Class:  1.42 MB
       Class:  944.00 KB
        Both:  2.34 MB

MaxMetaspaceSize: unlimited
CompressedClassSpaceSize: 1.00 GB
Initial GC threshold: 21.00 MB
Current GC threshold: 168.06 MB
CDS: on
MetaspaceReclaimPolicy: balanced
 - commit_granule_bytes: 65536.
 - commit_granule_words: 8192.
 - virtual_space_node_default_size: 1048576.
 - enlarge_chunks_in_place: 1.
 - new_chunks_are_fully_committed: 0.
 - uncommit_free_chunks: 1.
 - use_allocation_guard: 0.
 - handle_deallocations: 1.


Internal statistics:

num_allocs_failed_limit: 6.
num_arena_births: 1320.
num_arena_deaths: 0.
num_vsnodes_births: 12.
num_vsnodes_deaths: 0.
num_space_committed: 1618.
num_space_uncommitted: 0.
num_chunks_returned_to_freelist: 6.
num_chunks_taken_from_freelist: 4168.
num_chunk_merges: 6.
num_chunk_splits: 3163.
num_chunks_enlarged: 2446.
num_purges: 0.
num_inconsistent_stats: 0.

CodeHeap 'non-profiled nmethods': size=119168Kb used=26290Kb max_used=26290Kb free=92877Kb
 bounds [0x000001b8d5340000, 0x000001b8d6cf0000, 0x000001b8dc7a0000]
CodeHeap 'profiled nmethods': size=119104Kb used=44178Kb max_used=44919Kb free=74926Kb
 bounds [0x000001b8cdef0000, 0x000001b8d0ae0000, 0x000001b8d5340000]
CodeHeap 'non-nmethods': size=7488Kb used=1810Kb max_used=3519Kb free=5677Kb
 bounds [0x000001b8cd7a0000, 0x000001b8cdb20000, 0x000001b8cdef0000]
 total_blobs=22267 nmethods=20992 adapters=1181
 compilation: enabled
              stopped_count=0, restarted_count=0
 full_count=0

Compilation events (20 events):
Event: 1586.754 Thread 0x000001b8c5d2b390 28569       4       javax.swing.text.FlowView$FlowStrategy::layoutRow (415 bytes)
Event: 1586.756 Thread 0x000001b8c5d32e90 28570       3       javax.swing.text.AbstractWriter::write (510 bytes)
Event: 1586.757 Thread 0x000001b8c5d32e90 nmethod 28570 0x000001b8cf67fb10 code [0x000001b8cf67fea0, 0x000001b8cf681a88]
Event: 1586.757 Thread 0x000001b8c5d32e90 28571       1       javax.swing.text.AbstractWriter::getIndentSpace (5 bytes)
Event: 1586.757 Thread 0x000001b8c5d32e90 nmethod 28571 0x000001b8d6c05390 code [0x000001b8d6c05520, 0x000001b8d6c055f8]
Event: 1586.768 Thread 0x000001b8c5d32e90 28572       3       de.javasoft.plaf.synthetica.styles.RadioButtonStyle::getIcon (377 bytes)
Event: 1586.770 Thread 0x000001b8c5d32e90 nmethod 28572 0x000001b8cf2b4e90 code [0x000001b8cf2b5360, 0x000001b8cf2b78c8]
Event: 1586.864 Thread 0x000001b8c5d2b390 nmethod 28569 0x000001b8d6cdd490 code [0x000001b8d6cdda80, 0x000001b8d6ce4c70]
Event: 1587.569 Thread 0x000001b8c5d2b390 28573  s    4       ui.utils.q::iqC (37 bytes)
Event: 1587.571 Thread 0x000001b8c5d2b390 nmethod 28573 0x000001b8d5bd6490 code [0x000001b8d5bd6620, 0x000001b8d5bd67f8]
Event: 1587.677 Thread 0x000001b8c5d32e90 28574       3       java.io.OutputStreamWriter::write (11 bytes)
Event: 1587.677 Thread 0x000001b8c5d32e90 nmethod 28574 0x000001b8ce5ee290 code [0x000001b8ce5ee440, 0x000001b8ce5ee5a8]
Event: 1587.677 Thread 0x000001b8c5d32e90 28575       3       sun.nio.cs.StreamEncoder::write (37 bytes)
Event: 1587.678 Thread 0x000001b8c5d32e90 nmethod 28575 0x000001b8cf56a990 code [0x000001b8cf56ab60, 0x000001b8cf56aec8]
Event: 1587.876 Thread 0x000001b8c5d2b390 28576       4       ui.data.aD::handleEvent (84 bytes)
Event: 1587.877 Thread 0x000001b8c5d32e90 28577       3       ui.e.d::b (140 bytes)
Event: 1587.877 Thread 0x000001b8c5d32e90 nmethod 28577 0x000001b8ce958d10 code [0x000001b8ce959060, 0x000001b8ce95a3e8]
Event: 1587.878 Thread 0x000001b8c5d2b390 nmethod 28576 0x000001b8d5bd5f10 code [0x000001b8d5bd60c0, 0x000001b8d5bd62a8]
Event: 1587.878 Thread 0x000001b8c5d2b390 28578       4       ui.utils.swing.w.d.a::a (112 bytes)
Event: 1587.898 Thread 0x000001b8c5d2b390 nmethod 28578 0x000001b8d6ce9810 code [0x000001b8d6ce9aa0, 0x000001b8d6cebff0]

GC Heap History (20 events):
Event: 1316.423 GC heap before
{Heap before GC invocations=168 (full 14):
 garbage-first heap   total 524288K, used 217252K [0x0000000701800000, 0x0000000800000000)
  region size 2048K, 40 young (81920K), 2 survivors (4096K)
 Metaspace       used 102620K, committed 103424K, reserved 1138688K
  class space    used 14816K, committed 15232K, reserved 1048576K
}
Event: 1316.425 GC heap after
{Heap after GC invocations=169 (full 14):
 garbage-first heap   total 524288K, used 139539K [0x0000000701800000, 0x0000000800000000)
  region size 2048K, 2 young (4096K), 2 survivors (4096K)
 Metaspace       used 102620K, committed 103424K, reserved 1138688K
  class space    used 14816K, committed 15232K, reserved 1048576K
}
Event: 1334.512 GC heap before
{Heap before GC invocations=169 (full 14):
 garbage-first heap   total 524288K, used 233747K [0x0000000701800000, 0x0000000800000000)
  region size 2048K, 40 young (81920K), 2 survivors (4096K)
 Metaspace       used 102812K, committed 103616K, reserved 1138688K
  class space    used 14852K, committed 15232K, reserved 1048576K
}
Event: 1334.515 GC heap after
{Heap after GC invocations=170 (full 14):
 garbage-first heap   total 524288K, used 157394K [0x0000000701800000, 0x0000000800000000)
  region size 2048K, 2 young (4096K), 2 survivors (4096K)
 Metaspace       used 102812K, committed 103616K, reserved 1138688K
  class space    used 14852K, committed 15232K, reserved 1048576K
}
Event: 1356.629 GC heap before
{Heap before GC invocations=170 (full 14):
 garbage-first heap   total 524288K, used 251602K [0x0000000701800000, 0x0000000800000000)
  region size 2048K, 40 young (81920K), 2 survivors (4096K)
 Metaspace       used 102873K, committed 103680K, reserved 1138688K
  class space    used 14855K, committed 15232K, reserved 1048576K
}
Event: 1356.635 GC heap after
{Heap after GC invocations=171 (full 14):
 garbage-first heap   total 524288K, used 174418K [0x0000000701800000, 0x0000000800000000)
  region size 2048K, 3 young (6144K), 3 survivors (6144K)
 Metaspace       used 102873K, committed 103680K, reserved 1138688K
  class space    used 14855K, committed 15232K, reserved 1048576K
}
Event: 1416.302 GC heap before
{Heap before GC invocations=171 (full 14):
 garbage-first heap   total 524288K, used 266578K [0x0000000701800000, 0x0000000800000000)
  region size 2048K, 40 young (81920K), 3 survivors (6144K)
 Metaspace       used 102882K, committed 103680K, reserved 1138688K
  class space    used 14855K, committed 15232K, reserved 1048576K
}
Event: 1416.308 GC heap after
{Heap after GC invocations=172 (full 14):
 garbage-first heap   total 524288K, used 174890K [0x0000000701800000, 0x0000000800000000)
  region size 2048K, 3 young (6144K), 3 survivors (6144K)
 Metaspace       used 102882K, committed 103680K, reserved 1138688K
  class space    used 14855K, committed 15232K, reserved 1048576K
}
Event: 1518.816 GC heap before
{Heap before GC invocations=172 (full 14):
 garbage-first heap   total 524288K, used 250666K [0x0000000701800000, 0x0000000800000000)
  region size 2048K, 40 young (81920K), 3 survivors (6144K)
 Metaspace       used 102882K, committed 103680K, reserved 1138688K
  class space    used 14855K, committed 15232K, reserved 1048576K
}
Event: 1518.819 GC heap after
{Heap after GC invocations=173 (full 14):
 garbage-first heap   total 524288K, used 158469K [0x0000000701800000, 0x0000000800000000)
  region size 2048K, 3 young (6144K), 3 survivors (6144K)
 Metaspace       used 102882K, committed 103680K, reserved 1138688K
  class space    used 14855K, committed 15232K, reserved 1048576K
}
Event: 1519.226 GC heap before
{Heap before GC invocations=173 (full 14):
 garbage-first heap   total 524288K, used 234245K [0x0000000701800000, 0x0000000800000000)
  region size 2048K, 40 young (81920K), 3 survivors (6144K)
 Metaspace       used 102884K, committed 103680K, reserved 1138688K
  class space    used 14855K, committed 15232K, reserved 1048576K
}
Event: 1519.229 GC heap after
{Heap after GC invocations=174 (full 14):
 garbage-first heap   total 524288K, used 158121K [0x0000000701800000, 0x0000000800000000)
  region size 2048K, 3 young (6144K), 3 survivors (6144K)
 Metaspace       used 102884K, committed 103680K, reserved 1138688K
  class space    used 14855K, committed 15232K, reserved 1048576K
}
Event: 1519.540 GC heap before
{Heap before GC invocations=174 (full 14):
 garbage-first heap   total 524288K, used 233897K [0x0000000701800000, 0x0000000800000000)
  region size 2048K, 40 young (81920K), 3 survivors (6144K)
 Metaspace       used 102884K, committed 103680K, reserved 1138688K
  class space    used 14855K, committed 15232K, reserved 1048576K
}
Event: 1519.545 GC heap after
{Heap after GC invocations=175 (full 14):
 garbage-first heap   total 524288K, used 157882K [0x0000000701800000, 0x0000000800000000)
  region size 2048K, 3 young (6144K), 3 survivors (6144K)
 Metaspace       used 102884K, committed 103680K, reserved 1138688K
  class space    used 14855K, committed 15232K, reserved 1048576K
}
Event: 1520.065 GC heap before
{Heap before GC invocations=175 (full 14):
 garbage-first heap   total 524288K, used 233658K [0x0000000701800000, 0x0000000800000000)
  region size 2048K, 40 young (81920K), 3 survivors (6144K)
 Metaspace       used 102884K, committed 103680K, reserved 1138688K
  class space    used 14855K, committed 15232K, reserved 1048576K
}
Event: 1520.069 GC heap after
{Heap after GC invocations=176 (full 14):
 garbage-first heap   total 524288K, used 157874K [0x0000000701800000, 0x0000000800000000)
  region size 2048K, 3 young (6144K), 3 survivors (6144K)
 Metaspace       used 102884K, committed 103680K, reserved 1138688K
  class space    used 14855K, committed 15232K, reserved 1048576K
}
Event: 1539.462 GC heap before
{Heap before GC invocations=176 (full 14):
 garbage-first heap   total 524288K, used 233650K [0x0000000701800000, 0x0000000800000000)
  region size 2048K, 40 young (81920K), 3 survivors (6144K)
 Metaspace       used 103015K, committed 103808K, reserved 1138688K
  class space    used 14881K, committed 15232K, reserved 1048576K
}
Event: 1539.465 GC heap after
{Heap after GC invocations=177 (full 14):
 garbage-first heap   total 524288K, used 158323K [0x0000000701800000, 0x0000000800000000)
  region size 2048K, 3 young (6144K), 3 survivors (6144K)
 Metaspace       used 103015K, committed 103808K, reserved 1138688K
  class space    used 14881K, committed 15232K, reserved 1048576K
}
Event: 1587.664 GC heap before
{Heap before GC invocations=177 (full 14):
 garbage-first heap   total 524288K, used 234099K [0x0000000701800000, 0x0000000800000000)
  region size 2048K, 40 young (81920K), 3 survivors (6144K)
 Metaspace       used 103072K, committed 103936K, reserved 1138688K
  class space    used 14893K, committed 15296K, reserved 1048576K
}
Event: 1587.670 GC heap after
{Heap after GC invocations=178 (full 14):
 garbage-first heap   total 524288K, used 158813K [0x0000000701800000, 0x0000000800000000)
  region size 2048K, 3 young (6144K), 3 survivors (6144K)
 Metaspace       used 103072K, committed 103936K, reserved 1138688K
  class space    used 14893K, committed 15296K, reserved 1048576K
}

Deoptimization events (20 events):
Event: 1523.047 Thread 0x000001b8edd00590 DEOPT PACKING pc=0x000001b8d67a8fa0 sp=0x00000078f91fc1e0
Event: 1523.047 Thread 0x000001b8edd00590 DEOPT UNPACKING pc=0x000001b8cd7f23a3 sp=0x00000078f91fc1e0 mode 2
Event: 1526.292 Thread 0x000001b8edd00590 DEOPT PACKING pc=0x000001b8d02bab6a sp=0x00000078f91fd270
Event: 1526.292 Thread 0x000001b8edd00590 DEOPT UNPACKING pc=0x000001b8cd7f2b43 sp=0x00000078f91fc798 mode 0
Event: 1526.390 Thread 0x000001b8edd00590 Uncommon trap: trap_request=0xffffff45 fr.pc=0x000001b8d6ca1518 relative=0x00000000000009b8
Event: 1526.390 Thread 0x000001b8edd00590 Uncommon trap: reason=unstable_if action=reinterpret pc=0x000001b8d6ca1518 method=java.text.DigitList.round(IZZ)V @ 71 c2
Event: 1526.390 Thread 0x000001b8edd00590 DEOPT PACKING pc=0x000001b8d6ca1518 sp=0x00000078f91fcf50
Event: 1526.390 Thread 0x000001b8edd00590 DEOPT UNPACKING pc=0x000001b8cd7f23a3 sp=0x00000078f91fce60 mode 2
Event: 1526.436 Thread 0x000001b8edd00590 Uncommon trap: trap_request=0xffffff45 fr.pc=0x000001b8d6731270 relative=0x00000000000016d0
Event: 1526.436 Thread 0x000001b8edd00590 Uncommon trap: reason=unstable_if action=reinterpret pc=0x000001b8d6731270 method=ui.dlg.o.ah.jx(I)Ljava/lang/Object; @ 619 c2
Event: 1526.436 Thread 0x000001b8edd00590 DEOPT PACKING pc=0x000001b8d6731270 sp=0x00000078f91fd4a0
Event: 1526.436 Thread 0x000001b8edd00590 DEOPT UNPACKING pc=0x000001b8cd7f23a3 sp=0x00000078f91fd418 mode 2
Event: 1571.448 Thread 0x000001b8edd00590 DEOPT PACKING pc=0x000001b8d0ad4def sp=0x00000078f91ff020
Event: 1571.448 Thread 0x000001b8edd00590 DEOPT UNPACKING pc=0x000001b8cd7f2b43 sp=0x00000078f91fe588 mode 0
Event: 1577.451 Thread 0x000001b8edd00590 DEOPT PACKING pc=0x000001b8d0ad4def sp=0x00000078f91ff020
Event: 1577.451 Thread 0x000001b8edd00590 DEOPT UNPACKING pc=0x000001b8cd7f2b43 sp=0x00000078f91fe588 mode 0
Event: 1587.569 Thread 0x000001b8edd00590 Uncommon trap: trap_request=0xffffff45 fr.pc=0x000001b8d6b37de0 relative=0x0000000000001960
Event: 1587.569 Thread 0x000001b8edd00590 Uncommon trap: reason=unstable_if action=reinterpret pc=0x000001b8d6b37de0 method=ui.data.experiment.A.isDone()Z @ 16 c2
Event: 1587.569 Thread 0x000001b8edd00590 DEOPT PACKING pc=0x000001b8d6b37de0 sp=0x00000078f91fe540
Event: 1587.569 Thread 0x000001b8edd00590 DEOPT UNPACKING pc=0x000001b8cd7f23a3 sp=0x00000078f91fe418 mode 2

Classes unloaded (0 events):
No events

Classes redefined (0 events):
No events

Internal exceptions (20 events):
Event: 1523.017 Thread 0x000001b8edd00590 Implicit null exception at 0x000001b8d5a0d14f to 0x000001b8d5a0ebb8
Event: 1523.021 Thread 0x000001b8edd00590 Implicit null exception at 0x000001b8d6390d24 to 0x000001b8d6391d4c
Event: 1524.116 Thread 0x000001b8edd00590 Exception <a 'java/io/FileNotFoundException'{0x000000071ed9d398}> (0x000000071ed9d398) 
thrown [e:\jenkins\tmp\workspace\build\src\src\hotspot\share\prims\jni.cpp, line 516]
Event: 1524.165 Thread 0x000001b8edd00590 Exception <a 'java/io/FileNotFoundException'{0x000000071ed9e160}> (0x000000071ed9e160) 
thrown [e:\jenkins\tmp\workspace\build\src\src\hotspot\share\prims\jni.cpp, line 516]
Event: 1526.377 Thread 0x000001b8edd00590 Exception <a 'java/io/FileNotFoundException'{0x000000071e9d8cd0}> (0x000000071e9d8cd0) 
thrown [e:\jenkins\tmp\workspace\build\src\src\hotspot\share\prims\jni.cpp, line 516]
Event: 1526.377 Thread 0x000001b8edd00590 Exception <a 'java/io/FileNotFoundException'{0x000000071e9d9ea8}> (0x000000071e9d9ea8) 
thrown [e:\jenkins\tmp\workspace\build\src\src\hotspot\share\prims\jni.cpp, line 516]
Event: 1529.166 Thread 0x000001b8edd00590 Exception <a 'java/io/FileNotFoundException'{0x000000071d4f92d0}> (0x000000071d4f92d0) 
thrown [e:\jenkins\tmp\workspace\build\src\src\hotspot\share\prims\jni.cpp, line 516]
Event: 1534.166 Thread 0x000001b8edd00590 Exception <a 'java/io/FileNotFoundException'{0x000000071d57e4f0}> (0x000000071d57e4f0) 
thrown [e:\jenkins\tmp\workspace\build\src\src\hotspot\share\prims\jni.cpp, line 516]
Event: 1539.167 Thread 0x000001b8edd00590 Exception <a 'java/io/FileNotFoundException'{0x000000071cf5a808}> (0x000000071cf5a808) 
thrown [e:\jenkins\tmp\workspace\build\src\src\hotspot\share\prims\jni.cpp, line 516]
Event: 1544.168 Thread 0x000001b8edd00590 Exception <a 'java/io/FileNotFoundException'{0x0000000736ec8590}> (0x0000000736ec8590) 
thrown [e:\jenkins\tmp\workspace\build\src\src\hotspot\share\prims\jni.cpp, line 516]
Event: 1549.170 Thread 0x000001b8edd00590 Exception <a 'java/io/FileNotFoundException'{0x00000007210533c8}> (0x00000007210533c8) 
thrown [e:\jenkins\tmp\workspace\build\src\src\hotspot\share\prims\jni.cpp, line 516]
Event: 1554.171 Thread 0x000001b8edd00590 Exception <a 'java/io/FileNotFoundException'{0x00000007210fb0b0}> (0x00000007210fb0b0) 
thrown [e:\jenkins\tmp\workspace\build\src\src\hotspot\share\prims\jni.cpp, line 516]
Event: 1559.172 Thread 0x000001b8edd00590 Exception <a 'java/io/FileNotFoundException'{0x0000000720b10388}> (0x0000000720b10388) 
thrown [e:\jenkins\tmp\workspace\build\src\src\hotspot\share\prims\jni.cpp, line 516]
Event: 1564.173 Thread 0x000001b8edd00590 Exception <a 'java/io/FileNotFoundException'{0x00000007204914c0}> (0x00000007204914c0) 
thrown [e:\jenkins\tmp\workspace\build\src\src\hotspot\share\prims\jni.cpp, line 516]
Event: 1569.173 Thread 0x000001b8edd00590 Exception <a 'java/io/FileNotFoundException'{0x000000072053a9b8}> (0x000000072053a9b8) 
thrown [e:\jenkins\tmp\workspace\build\src\src\hotspot\share\prims\jni.cpp, line 516]
Event: 1574.174 Thread 0x000001b8edd00590 Exception <a 'java/io/FileNotFoundException'{0x000000071fd63918}> (0x000000071fd63918) 
thrown [e:\jenkins\tmp\workspace\build\src\src\hotspot\share\prims\jni.cpp, line 516]
Event: 1579.174 Thread 0x000001b8edd00590 Exception <a 'java/io/FileNotFoundException'{0x000000071e480658}> (0x000000071e480658) 
thrown [e:\jenkins\tmp\workspace\build\src\src\hotspot\share\prims\jni.cpp, line 516]
Event: 1584.176 Thread 0x000001b8edd00590 Exception <a 'java/io/FileNotFoundException'{0x000000071e347740}> (0x000000071e347740) 
thrown [e:\jenkins\tmp\workspace\build\src\src\hotspot\share\prims\jni.cpp, line 516]
Event: 1586.002 Thread 0x000001b92327c480 Exception <a 'java/lang/InterruptedException'{0x000000071e1567a0}: sleep interrupted> (0x000000071e1567a0) 
thrown [e:\jenkins\tmp\workspace\build\src\src\hotspot\share\prims\jvm.cpp, line 3041]
Event: 1589.176 Thread 0x000001b8edd00590 Exception <a 'java/io/FileNotFoundException'{0x0000000736f9afe8}> (0x0000000736f9afe8) 
thrown [e:\jenkins\tmp\workspace\build\src\src\hotspot\share\prims\jni.cpp, line 516]

VM Operations (20 events):
Event: 1523.021 Executing VM operation: HandshakeAllThreads
Event: 1523.021 Executing VM operation: HandshakeAllThreads done
Event: 1523.021 Executing VM operation: Cleanup
Event: 1523.021 Executing VM operation: Cleanup done
Event: 1525.021 Executing VM operation: Cleanup
Event: 1525.021 Executing VM operation: Cleanup done
Event: 1527.021 Executing VM operation: Cleanup
Event: 1527.021 Executing VM operation: Cleanup done
Event: 1532.025 Executing VM operation: Cleanup
Event: 1532.026 Executing VM operation: Cleanup done
Event: 1539.462 Executing VM operation: G1CollectForAllocation
Event: 1539.465 Executing VM operation: G1CollectForAllocation done
Event: 1577.506 Executing VM operation: Cleanup
Event: 1577.507 Executing VM operation: Cleanup done
Event: 1578.507 Executing VM operation: Cleanup
Event: 1578.507 Executing VM operation: Cleanup done
Event: 1587.510 Executing VM operation: Cleanup
Event: 1587.510 Executing VM operation: Cleanup done
Event: 1587.664 Executing VM operation: G1CollectForAllocation
Event: 1587.670 Executing VM operation: G1CollectForAllocation done

Events (20 events):
Event: 1581.043 Thread 0x000001b92328c860 Thread exited: 0x000001b92328c860
Event: 1582.041 Thread 0x000001b92328c860 Thread added: 0x000001b92328c860
Event: 1582.043 Thread 0x000001b92328c860 Thread exited: 0x000001b92328c860
Event: 1583.043 Thread 0x000001b92328c860 Thread added: 0x000001b92328c860
Event: 1583.045 Thread 0x000001b92328c860 Thread exited: 0x000001b92328c860
Event: 1584.044 Thread 0x000001b92328c860 Thread added: 0x000001b92328c860
Event: 1584.046 Thread 0x000001b92328c860 Thread exited: 0x000001b92328c860
Event: 1585.044 Thread 0x000001b92328c860 Thread added: 0x000001b92328c860
Event: 1585.048 Thread 0x000001b92328c860 Thread exited: 0x000001b92328c860
Event: 1585.783 Thread 0x000001b92329b900 Thread added: 0x000001b92329b900
Event: 1585.788 Thread 0x000001b92329b900 Thread exited: 0x000001b92329b900
Event: 1586.046 Thread 0x000001b923297a70 Thread added: 0x000001b923297a70
Event: 1586.055 Thread 0x000001b923297a70 Thread exited: 0x000001b923297a70
Event: 1587.046 Thread 0x000001b923297a70 Thread added: 0x000001b923297a70
Event: 1587.054 Thread 0x000001b923297a70 Thread exited: 0x000001b923297a70
Event: 1588.046 Thread 0x000001b923297a70 Thread added: 0x000001b923297a70
Event: 1588.051 Thread 0x000001b923297a70 Thread exited: 0x000001b923297a70
Event: 1589.048 Thread 0x000001b923297f40 Thread added: 0x000001b923297f40
Event: 1589.054 Thread 0x000001b923297f40 Thread exited: 0x000001b923297f40
Event: 1590.048 Thread 0x000001b923297a70 Thread added: 0x000001b923297a70


Dynamic libraries:
0x00007ff64b430000 - 0x00007ff64b461000 	D:\Xilinx\vitis\Vivado\2023.1\bin\unwrapped\win64.o\vivado.exe
0x00007ffa2b7d0000 - 0x00007ffa2b9e7000 	C:\WINDOWS\SYSTEM32\ntdll.dll
0x00007ffa2b150000 - 0x00007ffa2b214000 	C:\WINDOWS\System32\KERNEL32.DLL
0x00007ffa28c10000 - 0x00007ffa28fb5000 	C:\WINDOWS\System32\KERNELBASE.dll
0x00007ffa29130000 - 0x00007ffa29241000 	C:\WINDOWS\System32\ucrtbase.dll
0x00007ffa145e0000 - 0x00007ffa1466e000 	C:\WINDOWS\SYSTEM32\MSVCP140.dll
0x00007ffa14530000 - 0x00007ffa1454b000 	C:\WINDOWS\SYSTEM32\VCRUNTIME140.dll
0x00007ffa143f0000 - 0x00007ffa143fc000 	C:\WINDOWS\SYSTEM32\VCRUNTIME140_1.dll
0x00007ffa226b0000 - 0x00007ffa226c8000 	D:\Xilinx\vitis\Vivado\2023.1\lib\win64.o\librdi_commonmain.dll
0x00007ffa1e670000 - 0x00007ffa1e691000 	D:\Xilinx\vitis\Vivado\2023.1\lib\win64.o\libboost_filesystem.dll
0x00007ffa23b30000 - 0x00007ffa23b39000 	D:\Xilinx\vitis\Vivado\2023.1\lib\win64.o\librdi_commonversion.dll
0x00007ffa2ae80000 - 0x00007ffa2af31000 	C:\WINDOWS\System32\ADVAPI32.dll
0x00007ffa2b090000 - 0x00007ffa2b137000 	C:\WINDOWS\System32\msvcrt.dll
0x00007ffa29e30000 - 0x00007ffa29ed6000 	C:\WINDOWS\System32\sechost.dll
0x00007ffa2b280000 - 0x00007ffa2b397000 	C:\WINDOWS\System32\RPCRT4.dll
0x00007ffa110a0000 - 0x00007ffa11256000 	D:\Xilinx\vitis\Vivado\2023.1\lib\win64.o\librdi_commonxillic.dll
0x00007ffa29520000 - 0x00007ffa296ce000 	C:\WINDOWS\System32\USER32.dll
0x00007ffa28be0000 - 0x00007ffa28c06000 	C:\WINDOWS\System32\win32u.dll
0x00007ffa29c60000 - 0x00007ffa29c89000 	C:\WINDOWS\System32\GDI32.dll
0x0000000075570000 - 0x000000007569c000 	D:\Xilinx\vitis\Vivado\2023.1\lib\win64.o\tcl85t.dll
0x00007ffa29250000 - 0x00007ffa29369000 	C:\WINDOWS\System32\gdi32full.dll
0x00007ffa29bc0000 - 0x00007ffa29c31000 	C:\WINDOWS\System32\WS2_32.dll
0x00007ffa28b40000 - 0x00007ffa28bda000 	C:\WINDOWS\System32\msvcp_win.dll
0x00007ff99c910000 - 0x00007ff99dda0000 	D:\Xilinx\vitis\Vivado\2023.1\lib\win64.o\librdi_common.dll
0x00007ff9d2fa0000 - 0x00007ff9d32b6000 	D:\Xilinx\vitis\Vivado\2023.1\lib\win64.o\libXil_lmgr11.dll
0x00007ffa29fe0000 - 0x00007ffa2a839000 	C:\WINDOWS\System32\SHELL32.dll
0x00007ffa29ee0000 - 0x00007ffa29fd9000 	C:\WINDOWS\System32\COMDLG32.dll
0x00007ffa29370000 - 0x00007ffa293dc000 	C:\WINDOWS\System32\WINTRUST.dll
0x00007ffa29830000 - 0x00007ffa29bb9000 	C:\WINDOWS\System32\combase.dll
0x00007ffa14ff0000 - 0x00007ffa15104000 	D:\Xilinx\vitis\Vivado\2023.1\lib\win64.o\libboost_regex.dll
0x00007ffa2b3a0000 - 0x00007ffa2b493000 	C:\WINDOWS\System32\shcore.dll
0x00007ffa2adc0000 - 0x00007ffa2ae1e000 	C:\WINDOWS\System32\SHLWAPI.dll
0x00007ffa29750000 - 0x00007ffa29827000 	C:\WINDOWS\System32\OLEAUT32.dll
0x00007ffa28400000 - 0x00007ffa28428000 	C:\WINDOWS\SYSTEM32\bcrypt.dll
0x00007ffa29c90000 - 0x00007ffa29e30000 	C:\WINDOWS\System32\ole32.dll
0x00007ffa28fc0000 - 0x00007ffa29126000 	C:\WINDOWS\System32\CRYPT32.dll
0x00007ffa22630000 - 0x00007ffa22641000 	D:\Xilinx\vitis\Vivado\2023.1\lib\win64.o\libboost_date_time.dll
0x00007ff9cd740000 - 0x00007ff9cdaae000 	D:\Xilinx\vitis\Vivado\2023.1\lib\win64.o\libCOIN-all.dll
0x00007ffa12960000 - 0x00007ffa129d9000 	D:\Xilinx\vitis\Vivado\2023.1\lib\win64.o\libboost_program_options.dll
0x00007ffa19e80000 - 0x00007ffa19e9c000 	D:\Xilinx\vitis\Vivado\2023.1\lib\win64.o\libboost_thread.dll
0x00007ffa23b00000 - 0x00007ffa23b0c000 	D:\Xilinx\vitis\Vivado\2023.1\lib\win64.o\libboost_xilinx.dll
0x00007ffa128d0000 - 0x00007ffa12952000 	D:\Xilinx\vitis\Vivado\2023.1\lib\win64.o\libhdlpsolve.dll
0x00007ffa10bc0000 - 0x00007ffa10c65000 	D:\Xilinx\vitis\Vivado\2023.1\lib\win64.o\libhdxml.dll
0x00007ffa18f90000 - 0x00007ffa18fba000 	D:\Xilinx\vitis\Vivado\2023.1\lib\win64.o\libisl_sysinfo.dll
0x00007ffa14380000 - 0x00007ffa143e5000 	D:\Xilinx\vitis\Vivado\2023.1\lib\win64.o\liblmx6.0.dll
0x00007ffa19e40000 - 0x00007ffa19e5a000 	D:\Xilinx\vitis\Vivado\2023.1\lib\win64.o\pthreadVC2.dll
0x00007ffa19a30000 - 0x00007ffa19a4c000 	D:\Xilinx\vitis\Vivado\2023.1\lib\win64.o\librdiconfig.dll
0x00007ffa18f10000 - 0x00007ffa18f31000 	D:\Xilinx\vitis\Vivado\2023.1\lib\win64.o\librdizlib.dll
0x00007ffa13520000 - 0x00007ffa13539000 	C:\WINDOWS\SYSTEM32\NETAPI32.dll
0x00007ffa17960000 - 0x00007ffa17e54000 	C:\WINDOWS\SYSTEM32\WININET.dll
0x00007ffa22b70000 - 0x00007ffa22ca7000 	C:\WINDOWS\SYSTEM32\WINHTTP.dll
0x00007ffa1b930000 - 0x00007ffa1bb20000 	C:\WINDOWS\SYSTEM32\urlmon.dll
0x00007ff9d7770000 - 0x00007ff9d7a31000 	D:\Xilinx\vitis\Vivado\2023.1\lib\win64.o\xerces-c_3_2.dll
0x00007ffa0feb0000 - 0x00007ffa0feb9000 	C:\WINDOWS\SYSTEM32\WSOCK32.dll
0x00007ff9ff600000 - 0x00007ff9ff631000 	C:\WINDOWS\SYSTEM32\VCOMP140.DLL
0x00007ff998870000 - 0x00007ff99a787000 	D:\Xilinx\vitis\Vivado\2023.1\lib\win64.o\gurobi90.dll
0x00007ffa296d0000 - 0x00007ffa29732000 	C:\WINDOWS\System32\WLDAP32.dll
0x00007ffa29740000 - 0x00007ffa29748000 	C:\WINDOWS\System32\Normaliz.dll
0x00007ffa101c0000 - 0x00007ffa10273000 	C:\WINDOWS\WinSxS\amd64_microsoft.windows.common-controls_6595b64144ccf1df_5.82.22621.2506_none_b43bab19638c9595\COMCTL32.dll
0x00007ff99b940000 - 0x00007ff99c905e00 	D:\Xilinx\vitis\Vivado\2023.1\lib\win64.o\libisl_iostreams.dll
0x00007ffa22880000 - 0x00007ffa2289f000 	C:\WINDOWS\SYSTEM32\dhcpcsvc.DLL
0x00007ffa280b0000 - 0x00007ffa280dc000 	C:\WINDOWS\SYSTEM32\USERENV.dll
0x00007ffa1b1a0000 - 0x00007ffa1b45c000 	C:\WINDOWS\SYSTEM32\iertutil.dll
0x00007ffa1b6c0000 - 0x00007ffa1b6e8000 	C:\WINDOWS\SYSTEM32\srvcli.dll
0x00007ffa276e0000 - 0x00007ffa276ec000 	C:\WINDOWS\SYSTEM32\netutils.dll
0x00007ffa19760000 - 0x00007ffa19778000 	D:\Xilinx\vitis\Vivado\2023.1\lib\win64.o\libboost_iostreams.dll
0x00007ffa18ee0000 - 0x00007ffa18f04000 	D:\Xilinx\vitis\Vivado\2023.1\lib\win64.o\libisl_iosutils.dll
0x00007ffa27fc0000 - 0x00007ffa28029000 	C:\WINDOWS\SYSTEM32\MSWSOCK.DLL
0x00007ffa2b220000 - 0x00007ffa2b251000 	C:\WINDOWS\System32\IMM32.DLL
0x00007ffa28270000 - 0x00007ffa28282000 	C:\WINDOWS\SYSTEM32\MSASN1.dll
0x00007ffa27b40000 - 0x00007ffa27b58000 	C:\WINDOWS\SYSTEM32\kernel.appcore.dll
0x00007ffa28210000 - 0x00007ffa2822b000 	C:\WINDOWS\SYSTEM32\CRYPTSP.dll
0x00007ffa27aa0000 - 0x00007ffa27ad5000 	C:\WINDOWS\system32\rsaenh.dll
0x00007ffa28230000 - 0x00007ffa2823c000 	C:\WINDOWS\SYSTEM32\CRYPTBASE.dll
0x00007ffa293e0000 - 0x00007ffa2945a000 	C:\WINDOWS\System32\bcryptPrimitives.dll
0x00007ffa29c40000 - 0x00007ffa29c5f000 	C:\WINDOWS\System32\imagehlp.dll
0x00007ff99f610000 - 0x00007ff99fb56000 	D:\Xilinx\vitis\Vivado\2023.1\lib\win64.o\librdi_commontasks.dll
0x00007ffa189e0000 - 0x00007ffa189ea000 	C:\WINDOWS\SYSTEM32\VERSION.dll
0x00007ff9a03a0000 - 0x00007ff9a06cb800 	D:\Xilinx\vitis\Vivado\2023.1\lib\win64.o\librdi_sio.dll
0x00007ffa275b0000 - 0x00007ffa275dd000 	C:\WINDOWS\SYSTEM32\IPHLPAPI.DLL
0x00007ff99e070000 - 0x00007ff99ecb8000 	D:\Xilinx\vitis\Vivado\2023.1\tps\win64\jre17.0.3_7\bin\server\jvm.dll
0x00007ffa2ae70000 - 0x00007ffa2ae78000 	C:\WINDOWS\System32\PSAPI.DLL
0x00007ffa1ffa0000 - 0x00007ffa1ffd4000 	C:\WINDOWS\SYSTEM32\WINMM.dll
0x00007ffa28050000 - 0x00007ffa28076000 	C:\WINDOWS\SYSTEM32\gpapi.dll
0x00007ffa16da0000 - 0x00007ffa16dd2000 	C:\Windows\System32\cryptnet.dll
0x00007ffa28a70000 - 0x00007ffa28a96000 	C:\WINDOWS\SYSTEM32\profapi.dll
0x00007ffa25190000 - 0x00007ffa2519d000 	C:\WINDOWS\SYSTEM32\WINNSI.DLL
0x00007ffa2a930000 - 0x00007ffa2a939000 	C:\WINDOWS\System32\NSI.dll
0x00007ffa22ed0000 - 0x00007ffa22ee9000 	C:\WINDOWS\SYSTEM32\dhcpcsvc6.DLL
0x00007ffa003f0000 - 0x00007ffa004a6000 	C:\WINDOWS\SYSTEM32\webio.dll
0x00007ffa27da0000 - 0x00007ffa27de2000 	C:\WINDOWS\SYSTEM32\SspiCli.dll
0x00007ffa003b0000 - 0x00007ffa003c7000 	C:\WINDOWS\system32\napinsp.dll
0x00007ffa00390000 - 0x00007ffa003ab000 	C:\WINDOWS\system32\pnrpnsp.dll
0x00007ffa275e0000 - 0x00007ffa276d9000 	C:\WINDOWS\SYSTEM32\DNSAPI.dll
0x00007ffa002f0000 - 0x00007ffa00301000 	C:\WINDOWS\System32\winrnr.dll
0x00007ffa1f4c0000 - 0x00007ffa1f4d5000 	C:\WINDOWS\system32\wshbth.dll
0x00007ff9fff30000 - 0x00007ff9fff51000 	C:\WINDOWS\system32\nlansp_c.dll
0x0000000076210000 - 0x0000000076236000 	C:\Program Files\Bonjour\mdnsNSP.dll
0x00007ffa26a60000 - 0x00007ffa27354000 	C:\WINDOWS\SYSTEM32\windows.storage.dll
0x00007ffa26920000 - 0x00007ffa26a5e000 	C:\WINDOWS\SYSTEM32\wintypes.dll
0x00007ff953c70000 - 0x00007ff956a2b000 	D:\Xilinx\vitis\Vivado\2023.1\lib\win64.o\librdi_tcltasks.dll
0x00007ffa18cc0000 - 0x00007ffa18d04000 	D:\Xilinx\vitis\Vivado\2023.1\lib\win64.o\libboost_serialization.dll
0x00007ffa0fa80000 - 0x00007ffa0fb03000 	D:\Xilinx\vitis\Vivado\2023.1\lib\win64.o\librdi_boarddep.dll
0x00007ff9ece70000 - 0x00007ff9ecf98000 	D:\Xilinx\vitis\Vivado\2023.1\lib\win64.o\librdi_chipscope.dll
0x00007ff9d9140000 - 0x00007ff9d9329000 	D:\Xilinx\vitis\Vivado\2023.1\lib\win64.o\librdi_board.dll
0x00007ff9ccc90000 - 0x00007ff9cce97000 	D:\Xilinx\vitis\Vivado\2023.1\lib\win64.o\librdi_chipscopeimpl.dll
0x00007ff99f120000 - 0x00007ff99f601000 	D:\Xilinx\vitis\Vivado\2023.1\lib\win64.o\librdi_bitstream.dll
0x00007ff9e0fe0000 - 0x00007ff9e1149000 	D:\Xilinx\vitis\Vivado\2023.1\lib\win64.o\librdi_containers.dll
0x00007ff94fa90000 - 0x00007ff950fe1000 	D:\Xilinx\vitis\Vivado\2023.1\lib\win64.o\librdi_device.dll
0x00007ff980b00000 - 0x00007ff98284e000 	D:\Xilinx\vitis\Vivado\2023.1\lib\win64.o\librdi_designutils.dll
0x00007ff959e70000 - 0x00007ff95c4bf000 	D:\Xilinx\vitis\Vivado\2023.1\lib\win64.o\librdi_constraints.dll
0x00007ff99b5b0000 - 0x00007ff99b93b000 	D:\Xilinx\vitis\Vivado\2023.1\lib\win64.o\librdi_dlyest.dll
0x00007ff9dcd50000 - 0x00007ff9dce04000 	D:\Xilinx\vitis\Vivado\2023.1\lib\win64.o\librdi_dsp.dll
0x00007ff99a980000 - 0x00007ff99b091000 	D:\Xilinx\vitis\Vivado\2023.1\lib\win64.o\librdi_drc.dll
0x00007ff9972c0000 - 0x00007ff9975f2000 	D:\Xilinx\vitis\Vivado\2023.1\lib\win64.o\librdi_guitools.dll
0x00007ffa0f8a0000 - 0x00007ffa0f90b000 	D:\Xilinx\vitis\Vivado\2023.1\lib\win64.o\librdi_hdf.dll
0x00007ff996ff0000 - 0x00007ff9972be000 	D:\Xilinx\vitis\Vivado\2023.1\lib\win64.o\librdi_hip_devdesign.dll
0x00007ff9d2810000 - 0x00007ff9d2958000 	D:\Xilinx\vitis\Vivado\2023.1\lib\win64.o\librdi_hip_perf_analysis.dll
0x00007ff9981c0000 - 0x00007ff998864000 	D:\Xilinx\vitis\Vivado\2023.1\lib\win64.o\librdi_filemgmt.dll
0x00007ff984d80000 - 0x00007ff985c63000 	D:\Xilinx\vitis\Vivado\2023.1\lib\win64.o\librdi_ippcw.dll
0x00007ff983ae0000 - 0x00007ff984136000 	D:\Xilinx\vitis\Vivado\2023.1\lib\win64.o\librdi_memdata.dll
0x00007ffa0f790000 - 0x00007ffa0f80d000 	D:\Xilinx\vitis\Vivado\2023.1\lib\win64.o\librdi_memoryarray.dll
0x00007ff995af0000 - 0x00007ff996359000 	D:\Xilinx\vitis\Vivado\2023.1\lib\win64.o\librdi_lopt.dll
0x00007ff9586a0000 - 0x00007ff95975c000 	D:\Xilinx\vitis\Vivado\2023.1\lib\win64.o\librdi_implflow.dll
0x00007ff950ff0000 - 0x00007ff953624000 	D:\Xilinx\vitis\Vivado\2023.1\lib\win64.o\librdi_coregen.dll
0x00007ffa0f660000 - 0x00007ffa0f6d2000 	D:\Xilinx\vitis\Vivado\2023.1\lib\win64.o\librdi_noc_frameworks.dll
0x00007ffa16d00000 - 0x00007ffa16d5b000 	D:\Xilinx\vitis\Vivado\2023.1\lib\win64.o\librdi_pfi.dll
0x00007ff982a90000 - 0x00007ff98327c000 	D:\Xilinx\vitis\Vivado\2023.1\lib\win64.o\librdi_netlist.dll

dbghelp: loaded successfully - version: 4.0.5 - missing functions: none
symbol engine: initialized successfully - sym options: 0x614 - pdb path: .;D:\Xilinx\vitis\Vivado\2023.1\bin\unwrapped\win64.o;C:\WINDOWS\SYSTEM32;D:\Xilinx\vitis\Vivado\2023.1\lib\win64.o;C:\WINDOWS\WinSxS\amd64_microsoft.windows.common-controls_6595b64144ccf1df_5.82.22621.2506_none_b43bab19638c9595;D:\Xilinx\vitis\Vivado\2023.1\tps\win64\jre17.0.3_7\bin\server;C:\Program Files\Bonjour;D:\Xilinx\vitis\Vivado\2023.1\tps\win64\python-3.8.3;D:\Xilinx\vitis\Vivado\2023.1\tps\win64\jre17.0.3_7\bin;C:\Program Files\Huawei\PCManager\plugins;C:\WINDOWS\WinSxS\amd64_microsoft.windows.common-controls_6595b64144ccf1df_6.0.22621.2506_none_270c5ae97388e100;C:\WINDOWS\WinSxS\amd64_microsoft.windows.gdiplus_6595b64144ccf1df_1.1.22621.2506_none_57f74dcece1b5ace

VM Arguments:
jvm_args: -Dsun.java2d.pmoffscreen=false -Dhttps.protocols=TLSv1,TLSv1.1,TLSv1.2 -Dsun.java2d.xrender=false -Dsun.java2d.d3d=false -Dsun.awt.nopixfmt=true -Dsun.java2d.dpiaware=true -Dsun.java2d.uiScale.enabled=false -Dswing.aatext=true -XX:-UsePerfData -Djdk.map.althashing.threshold=512 -XX:StringTableSize=4072 -XX:+UseStringDeduplication -XX:MaxGCPauseMillis=200 -XX:+ParallelRefProcEnabled --add-opens=java.desktop/javax.swing.plaf.synth=ALL-UNNAMED --add-opens=java.base/java.nio=ALL-UNNAMED --add-opens=java.desktop/sun.swing=ALL-UNNAMED --add-opens=java.desktop/javax.swing=ALL-UNNAMED --add-opens=java.desktop/javax.swing.tree=ALL-UNNAMED --add-opens=java.desktop/javax.swing.plaf.basic=ALL-UNNAMED --add-opens=java.desktop/javax.swing.plaf.synth=ALL-UNNAMED --add-opens=java.desktop/javax.swing.plaf.basic=ALL-UNNAMED --add-opens=java.desktop/javax.swing=ALL-UNNAMED --add-opens=java.desktop/javax.swing.tree=ALL-UNNAMED --add-opens=java.desktop/java.awt.event=ALL-UNNAMED --add-exports=java.desktop/javax.swing.plaf.synth=ALL-UNNAMED --add-exports=java.base/java.nio=ALL-UNNAMED --add-exports=java.desktop/sun.swing=ALL-UNNAMED --add-exports=java.desktop/javax.swing=ALL-UNNAMED --add-exports=java.desktop/javax.swing.tree=ALL-UNNAMED --add-exports=java.desktop/javax.swing.plaf.basic=ALL-UNNAMED --add-exports=java.desktop/sun.swing=ALL-UNNAMED --add-exports=java.desktop/sun.swing.table=ALL-UNNAMED --add-exports=java.desktop/sun.swing.plaf.synth=ALL-UNNAMED --add-exports=java.desktop/sun.awt.shell=ALL-UNNAMED --add-exports=java.base/sun.security.action=ALL-UNNAMED --add-exports=java.desktop/sun.font=ALL-UNNAMED -XX:NewSize=80m -XX:MaxNewSize=80m -Xms512m -Xmx4072m -Xss10m 
java_command: <unknown>
java_class_path (initial): D:/Xilinx/vitis/Vivado/2023.1\lib\classes\alloy.jar;D:/Xilinx/vitis/Vivado/2023.1\lib\classes\asm-9.3.jar;D:/Xilinx/vitis/Vivado/2023.1\lib\classes\asm-analysis-9.3.jar;D:/Xilinx/vitis/Vivado/2023.1\lib\classes\asm-commons-9.3.jar;D:/Xilinx/vitis/Vivado/2023.1\lib\classes\asm-tree-9.3.jar;D:/Xilinx/vitis/Vivado/2023.1\lib\classes\autoesl-models.jar;D:/Xilinx/vitis/Vivado/2023.1\lib\classes\batik-anim.jar;D:/Xilinx/vitis/Vivado/2023.1\lib\classes\batik-awt-util.jar;D:/Xilinx/vitis/Vivado/2023.1\lib\classes\batik-bridge.jar;D:/Xilinx/vitis/Vivado/2023.1\lib\classes\batik-codec.jar;D:/Xilinx/vitis/Vivado/2023.1\lib\classes\batik-constants.jar;D:/Xilinx/vitis/Vivado/2023.1\lib\classes\batik-css.jar;D:/Xilinx/vitis/Vivado/2023.1\lib\classes\batik-dom.jar;D:/Xilinx/vitis/Vivado/2023.1\lib\classes\batik-ext.jar;D:/Xilinx/vitis/Vivado/2023.1\lib\classes\batik-gui-util.jar;D:/Xilinx/vitis/Vivado/2023.1\lib\classes\batik-gvt.jar;D:/Xilinx/vitis/Vivado/2023.1\lib\classes\batik-i18n.jar;D:/Xilinx/vitis/Vivado/2023.1\lib\classes\batik-parser.jar;D:/Xilinx/vitis/Vivado/2023.1\lib\classes\batik-script.jar;D:/Xilinx/vitis/Vivado/2023.1\lib\classes\batik-svg-dom.jar;D:/Xilinx/vitis/Vivado/2023.1\lib\classes\batik-svggen.jar;D:/Xilinx/vitis/Vivado/2023.1\lib\classes\batik-swing.jar;D:/Xilinx/vitis/Vivado/2023.1\lib\classes\batik-transcoder.jar;D:/Xilinx/vitis/Vivado/2023.1\lib\classes\batik-util.jar;D:/Xilinx/vitis/Vivado/2023.1\lib\classes\batik-xml.jar;D:/Xilinx/vitis/Vivado/2023.1\lib\classes\com.fasterxml.jackson.core.jackson-annotations_2.12.1.v20210128-1726.jar;D:/Xilinx/vitis/Vivado/2023.1\lib\classes\com.fasterxml.jackson.core.jackson-core_2.12.1.v20210128-1726.jar;D:/Xilinx/vitis/Vivado/2023.1\lib\classes\com.fasterxml.jackson.core.jackson-databind_2.12.1.v20210128-1726.jar;D:/Xilinx/vitis/Vivado/2023.1\lib\classes\com.google.gson_2.8.9.v20220111-1409.jar;D:/Xilinx/vitis/Vivado/2023.1\lib\classes\com.google.guava_30.1.0.v20210127-2300.jar;D:/Xili
Launcher Type: generic

[Global flags]
     intx CICompilerCount                          = 12                                        {product} {ergonomic}
     uint ConcGCThreads                            = 3                                         {product} {ergonomic}
     uint G1ConcRefinementThreads                  = 13                                        {product} {ergonomic}
   size_t G1HeapRegionSize                         = 2097152                                   {product} {ergonomic}
    uintx GCDrainStackTargetSize                   = 64                                        {product} {ergonomic}
   size_t InitialHeapSize                          = 536870912                                 {product} {command line}
   size_t MarkStackSize                            = 4194304                                   {product} {ergonomic}
    uintx MaxGCPauseMillis                         = 200                                       {product} {command line}
   size_t MaxHeapSize                              = 4269801472                                {product} {command line}
   size_t MaxNewSize                               = 83886080                                  {product} {command line}
   size_t MinHeapDeltaBytes                        = 2097152                                   {product} {ergonomic}
   size_t MinHeapSize                              = 536870912                                 {product} {command line}
   size_t NewSize                                  = 83886080                                  {product} {command line}
    uintx NonNMethodCodeHeapSize                   = 7602480                                {pd product} {ergonomic}
    uintx NonProfiledCodeHeapSize                  = 122027880                              {pd product} {ergonomic}
     bool ParallelRefProcEnabled                   = true                                      {product} {command line}
    uintx ProfiledCodeHeapSize                     = 122027880                              {pd product} {ergonomic}
    uintx ReservedCodeCacheSize                    = 251658240                              {pd product} {ergonomic}
     bool SegmentedCodeCache                       = true                                      {product} {ergonomic}
   size_t SoftMaxHeapSize                          = 4269801472                             {manageable} {ergonomic}
    uintx StringTableSize                          = 4072                                      {product} {command line}
     intx ThreadStackSize                          = 10240                                  {pd product} {command line}
     bool UseCompressedClassPointers               = true                           {product lp64_product} {ergonomic}
     bool UseCompressedOops                        = true                           {product lp64_product} {ergonomic}
     bool UseG1GC                                  = true                                      {product} {ergonomic}
     bool UseLargePagesIndividualAllocation        = false                                  {pd product} {ergonomic}
     bool UsePerfData                              = false                                     {product} {command line}
     bool UseStringDeduplication                   = true                                      {product} {command line}

Logging:
Log output configuration:
 #0: stdout all=warning uptime,level,tags
 #1: stderr all=off uptime,level,tags

Environment Variables:
PATH=D:/Xilinx/vitis/Vivado/2023.1\gnuwin\bin;D:/Xilinx/vitis/Vivado/2023.1\gnu\microblaze\nt\bin;D:/Xilinx/vitis/Vivado/2023.1/bin;D:/Xilinx/vitis/Vivado/2023.1/tps/win64/java-cef-95.0.4638.69/bin/lib/win64;D:/Xilinx/vitis/Vivado/2023.1/tps/win64/javafx-sdk-17.0.1/lib;D:/Xilinx/vitis/Vivado/2023.1/tps/win64/javafx-sdk-17.0.1/bin;D:/Xilinx/vitis/Vivado/2023.1/lib/win64.o;D:/Xilinx/vitis/Vivado/2023.1/tps/win64/jre17.0.3_7/bin/server;D:/Xilinx/vitis/Vivado/2023.1/tps/win64/jre17.0.3_7/bin;D:/Xilinx/vitis/Vitis/2023.1/bin;D:/Xilinx/vitis/Vivado/2023.1/ids_lite/ISE/bin/nt64;D:/Xilinx/vitis/Vivado/2023.1/ids_lite/ISE/lib/nt64;D:/Xilinx/vitis/Vitis_HLS/2023.1/bin;C:\Program Files (x86)\NVIDIA Corporation\PhysX\Common;C:\WINDOWS\system32;C:\WINDOWS;C:\WINDOWS\System32\Wbem;C:\WINDOWS\System32\WindowsPowerShell\v1.0\;C:\WINDOWS\System32\OpenSSH\;C:\Program Files\Bandizip\;D:\CompileChaim\gcc-arm-none-eabi-10.3-2021.10\bin;D:\CompileChaim\MinGW\mingw64\bin;D:\CompileChaim\OpenOCD-20230712-0.12.0\bin;C:\Program Files\Microsoft SQL Server\Client SDK\ODBC\170\Tools\Binn\;C:\Program Files (x86)\Microsoft SQL Server\150\Tools\Binn\;C:\Program Files\Microsoft SQL Server\150\Tools\Binn\;C:\Program Files\Microsoft SQL Server\150\DTS\Binn\;C:\Program Files (x86)\Windows Kits\8.1\Windows Performance Toolkit\;C:\Program Files\dotnet\;C:\Program Files\Git\cmd;C:\Users\16336\AppData\Local\Microsoft\WindowsApps;;D:\Users\16336\AppData\Local\Programs\Microsoft VS Code\bin;D:\Program Files\JetBrains\CLion 2023.2\bin;D:/Xilinx/vitis/Vivado/2023.1\tps\mingw\6.2.0\win64.o\nt\bin;D:/Xilinx/vitis/Vivado/2023.1\tps\mingw\6.2.0\win64.o\nt\libexec\gcc\x86_64-w64-mingw32\6.2.0;D:/Xilinx/vitis/Vivado/2023.1\tps\win64\python-3.8.3;D:/Xilinx/vitis/Vivado/2023.1\tps\win64\python-3.8.3\bin;D:/Xilinx/vitis/Vivado/2023.1\tps\win64\python-3.8.3\lib;D:/Xilinx/vitis/Vivado/2023.1\tps\win64\python-3.8.3\lib\site-packages
USERNAME=16336
OS=Windows_NT
PROCESSOR_IDENTIFIER=Intel64 Family 6 Model 154 Stepping 3, GenuineIntel



---------------  S Y S T E M  ---------------

OS:
 Windows 11 , 64 bit Build 22621 (10.0.22621.2506)
OS uptime: 16 days 19:57 hours

CPU: total 16 (initial active 16) (8 cores per cpu, 2 threads per core) family 6 model 154 stepping 3 microcode 0x41e, cx8, cmov, fxsr, ht, mmx, 3dnowpref, sse, sse2, sse3, ssse3, sse4.1, sse4.2, popcnt, lzcnt, tsc, tscinvbit, avx, avx2, aes, erms, clmul, bmi1, bmi2, adx, sha, fma, vzeroupper, clflush, clflushopt, clwb

Memory: 4k page, system-wide physical 16110M (8932M free)
TotalPageFile size 27596M (AvailPageFile size 5649M)
current process WorkingSet (physical memory assigned to process): 992M, peak: 2817M
current process commit charge ("private bytes"): 3061M, peak: 3095M

vm_info: OpenJDK 64-Bit Server VM (17.0.3+7) for windows-amd64 JRE (17.0.3+7), built on Apr 19 2022 16:55:35 by "" with MS VC++ 16.7 (VS2019)

END.
