Copyright 1986-2022 Xilinx, Inc. All Rights Reserved. Copyright 2022-2023 Advanced Micro Devices, Inc. All Rights Reserved.
---------------------------------------------------------------------------------------------------------------------------------------------
| Tool Version : Vivado v.2023.1 (win64) Build 3865809 Sun May  7 15:05:29 MDT 2023
| Date         : Thu Dec  7 15:48:59 2023
| Host         : Prada running 64-bit major release  (build 9200)
| Command      : upgrade_ip
| Device       : xc7z020clg400-2
---------------------------------------------------------------------------------------------------------------------------------------------

Upgrade Log for IP 'system_pl_bram_rd_0_0'

1. Summary
----------

SUCCESS in the upgrade of system_pl_bram_rd_0_0 (xilinx.com:user:pl_bram_rd:1.0) from (Rev. 2) to (Rev. 3)






Copyright 1986-2022 Xilinx, Inc. All Rights Reserved. Copyright 2022-2023 Advanced Micro Devices, Inc. All Rights Reserved.
---------------------------------------------------------------------------------------------------------------------------------------------
| Tool Version : Vivado v.2023.1 (win64) Build 3865809 Sun May  7 15:05:29 MDT 2023
| Date         : Thu Dec  7 15:24:03 2023
| Host         : Prada running 64-bit major release  (build 9200)
| Command      : upgrade_ip
| Device       : xc7z020clg400-2
---------------------------------------------------------------------------------------------------------------------------------------------

Upgrade Log for IP 'system_pl_bram_rd_0_0'

1. Summary
----------

SUCCESS in the update of system_pl_bram_rd_0_0 (xilinx.com:user:pl_bram_rd:1.0 (Rev. 2)) to current project options.

